MPASM 5.57  /HOME/DINUSHA/MPLABXPROJECTS/PIC   12-13-2014  14:47:51         PAGE  1


LOC  OBJECT CODE     LINE SOURCE TEXT
  VALUE

                      00001 ; Templates location /usr/local/microchip/mplabx/mpasmx/templates/Object
                      00002 ;**********************************************************************
                      00003 ;   This file is a basic code template for object module code         *
                      00004 ;   generation on the PIC16F877A. This file contains the              *
                      00005 ;   basic code building blocks to build upon.                         *
                      00006 ;                                                                     *
                      00007 ;   Refer to the MPASM User's Guide for additional information on     *
                      00008 ;   features of the assembler and linker (Document DS33014).          *
                      00009 ;                                                                     *
                      00010 ;   Refer to the respective PIC data sheet for additional             *
                      00011 ;   information on the instruction set.                               *
                      00012 ;                                                                     *
                      00013 ;**********************************************************************
                      00014 ;                                                                     *
                      00015 ;    Filename:      xxx.asm                                           *
                      00016 ;    Date:                                                            *
                      00017 ;    File Version:                                                    *
                      00018 ;                                                                     *
                      00019 ;    Author:                                                          *
                      00020 ;    Company:                                                         *
                      00021 ;                                                                     *
                      00022 ;                                                                     *
                      00023 ;**********************************************************************
                      00024 ;                                                                     *
                      00025 ;    Files required: P16F877A.INC                                     *
                      00026 ;                                                                     *
                      00027 ;                                                                     *
                      00028 ;                                                                     *
                      00029 ;**********************************************************************
                      00030 ;                                                                     *
                      00031 ;    Notes:                                                           *
                      00032 ;                                                                     *
                      00033 ;                                                                     *
                      00034 ;                                                                     *
                      00035 ;                                                                     *
                      00036 ;**********************************************************************
                      00037 
                      00038 
                      00039     list        p=16f877a   ; list directive to define processor
                      00040     #include    <p16f877a.inc>  ; processor specific variable definitions
                      00001         LIST
                      00002 
                      00003 ;==========================================================================
                      00004 ; Build date : May 28 2014
                      00005 ;  MPASM PIC16F877A processor include
                      00006 ; 
                      00007 ;  (c) Copyright 1999-2014 Microchip Technology, All rights reserved
                      00008 ;==========================================================================
                      00009 
                      00567         LIST
                      00041 
                      00042     ;__CONFIG _CP_OFF & _WDT_OFF & _BODEN_OFF & _PWRTE_ON & _RC_OSC & _WRT_OFF & _LVP_ON & _CPD_OFF
2007   3F32           00043     __CONFIG  _FOSC_HS & _WRT_OFF & _LVP_OFF & _CPD_OFF & _CP_OFF & _WDT_OFF & _BODEN_OFF & _PWRTE_ON
MPASM 5.57  /HOME/DINUSHA/MPLABXPROJECTS/PIC   12-13-2014  14:47:51         PAGE  2


LOC  OBJECT CODE     LINE SOURCE TEXT
  VALUE

                      00044 
                      00045 ; '__CONFIG' directive is used to embed configuration data within .asm file.
                      00046 ; The labels following the directive are located in the respective .inc file.
                      00047 ; See respective data sheet for additional information on configuration word.
                      00048 
                      00049 ;************* Macros ****************
                      00050 BANK0 MACRO
                      00051     bcf STATUS, RP0
                      00052     bcf STATUS, RP1
                      00053     ENDM
                      00054 
                      00055 BANK1 MACRO
                      00056     bsf STATUS, RP0
                      00057     bcf STATUS, RP1
                      00058     ENDM
                      00059 
                      00060 BANK2 MACRO
                      00061     bcf STATUS, RP0
                      00062     bsf STATUS, RP1
                      00063     ENDM
                      00064 
                      00065 BANK3 MACRO
                      00066     bsf STATUS, RP0
                      00067     bsf STATUS, RP1
                      00068     ENDM
                      00069 ;*************************************
                      00070 
                      00071 ;***** VARIABLE DEFINITIONS (examples)
                      00072 
                      00073 ; example of using Shared Uninitialized Data Section
                      00074 INT_VAR     UDATA_SHR
0000                  00075 w_temp      RES     1       ; variable used for context saving
0001                  00076 status_temp RES     1       ; variable used for context saving
0002                  00077 pclath_temp RES     1       ; variable used for context saving
                      00078 
                      00079 ; example of using Uninitialized Data Section
                      00080 TEMP_VAR    UDATA           ; explicit address specified is not required
                      00081 
                      00082 
                      00083 ; example of using Overlayed Uninitialized Data Section
                      00084 ; in this example both variables are assigned the same GPR location by linker
                      00085 G_DATA      UDATA_OVR       ; explicit address can be specified
0000                  00086 flag        RES 2           ; temporary variable (shared locations - G_DATA)
                      00087 
                      00088 G_DATA      UDATA_OVR
0000                  00089 count       RES 2           ; temporary variable (shared locations - G_DATA)
                      00090 
                      00091 ;**********************************************************************
                      00092 RESET_VECTOR    CODE    0x0000 ; processor reset vector
0000   0000           00093     nop                        ; nop for icd
0001   ???? ????      00094     pagesel start
0003   2???           00095     goto    start              ; go to beginning of program
                      00096 
MPASM 5.57  /HOME/DINUSHA/MPLABXPROJECTS/PIC   12-13-2014  14:47:51         PAGE  3


LOC  OBJECT CODE     LINE SOURCE TEXT
  VALUE

                      00097 
                      00098 INT_VECTOR      CODE    0x0004 ; interrupt vector location
                      00099 
0004                  00100 INTERRUPT
                      00101 
0004   00??           00102     movwf   w_temp          ; save off current W register contents
0005   0803           00103     movf    STATUS,w        ; move status register into W register
0006   00??           00104     movwf   status_temp     ; save off contents of STATUS register
0007   080A           00105     movf    PCLATH,w        ; move pclath register into w register
0008   00??           00106     movwf   pclath_temp     ; save off contents of PCLATH register
                      00107 
                      00108 
0009   08??           00109     movf    pclath_temp,w   ; retrieve copy of PCLATH register
000A   008A           00110     movwf   PCLATH          ; restore pre-isr PCLATH register contents
000B   08??           00111     movf    status_temp,w   ; retrieve copy of STATUS register
000C   0083           00112     movwf   STATUS          ; restore pre-isr STATUS register contents
000D   0E??           00113     swapf   w_temp,f
000E   0E??           00114     swapf   w_temp,w        ; restore pre-isr W register contents
                      00115 
000F   0009           00116     retfie                  ; return from interrupt
                      00117 
                      00118 MAIN_PROG       CODE
                      00119 
                      00120 
0000                  00121 start
                      00122 
0000   ???? ????      00123     pagesel init
0002   2???           00124     call    init
                      00125 
                      00126 
0003                  00127 loop
0003   1283 1303      00128     banksel PORTB
0005   1C86           00129     btfss   PORTB, RB1
0006   2???           00130     goto    _zero_
0007   2???           00131     goto    _one_
                      00132 
0008                  00133 _zero_:
0008   3004           00134     movlw   0x04
0009   2???           00135     goto    _done_
                      00136 
000A                  00137 _one_:
000A   3000           00138     movlw   0x00
                      00139 
000B                  00140 _done_:
                      00141 
                      00142     ;movlw   0x04
000B   1283 1303      00143     banksel PORTB
                      00144     ;bsf     PORTB, RB2
000D   0086           00145     movwf   PORTB
                      00146 
000E   2???           00147     goto    loop
                      00148     ;goto $
                      00149 
MPASM 5.57  /HOME/DINUSHA/MPLABXPROJECTS/PIC   12-13-2014  14:47:51         PAGE  4


LOC  OBJECT CODE     LINE SOURCE TEXT
  VALUE

000F                  00150 init
                      00151     ;Shutting down ADC
                      00152     ;Switching to Bank0
                      00153     BANK0
000F   1283               M     bcf STATUS, RP0
0010   1303               M     bcf STATUS, RP1
                      00154 
0011   0186           00155     clrf    PORTB
                      00156 
0012   3000           00157     movlw   0x00
0013   009F           00158     movwf   ADCON0
                      00159 
                      00160     ;movlw   0x00
                      00161     ;movwf   PORTB
                      00162 
                      00163     ;Switching to Bank 1
                      00164     BANK1
0014   1683               M     bsf STATUS, RP0
0015   1303               M     bcf STATUS, RP1
                      00165 
0016   3006           00166     movlw   0x06
Message[302]: Register in operand not in bank 0.  Ensure that bank bits are correct.
0017   009F           00167     movwf   ADCON1
                      00168 
                      00169     ;Setting TRISB
0018   3002           00170     movlw   0x02
Message[302]: Register in operand not in bank 0.  Ensure that bank bits are correct.
0019   0086           00171     movwf   TRISB
                      00172 
                      00173     ;Enabling TMR0 interrupts
                      00174     ;movlw   0x00
                      00175     ;movwf   OPTION_REG          ;1:2 => (200ns*2) * 256 = 100us
                      00176 
                      00177     ;movlw   0xA0
                      00178     ;movwf   INTCON
                      00179 
                      00180     ;Switching to Bank 0
                      00181     BANK0
001A   1283               M     bcf STATUS, RP0
001B   1303               M     bcf STATUS, RP1
                      00182 
001C   0181           00183     clrf    TMR0
001D   0008           00184     return
                      00185 
3F32                  00186     END                       ; directive 'end of program'
MPASM 5.57  /HOME/DINUSHA/MPLABXPROJECTS/PIC   12-13-2014  14:47:51         PAGE  5


SYMBOL TABLE
  LABEL                             VALUE 

ACKDT                             00000005
ACKEN                             00000004
ACKSTAT                           00000006
ADCON0                            0000001F
ADCON1                            0000009F
ADCS0                             00000006
ADCS1                             00000007
ADCS2                             00000006
ADDEN                             00000003
ADFM                              00000007
ADIE                              00000006
ADIF                              00000006
ADON                              00000000
ADRESH                            0000001E
ADRESL                            0000009E
BANK0                             
BANK1                             
BANK2                             
BANK3                             
BCLIE                             00000003
BCLIF                             00000003
BF                                00000000
BRGH                              00000002
C                                 00000000
C1INV                             00000004
C1OUT                             00000006
C2INV                             00000005
C2OUT                             00000007
CCP1CON                           00000017
CCP1IE                            00000002
CCP1IF                            00000002
CCP1M0                            00000000
CCP1M1                            00000001
CCP1M2                            00000002
CCP1M3                            00000003
CCP1X                             00000005
CCP1Y                             00000004
CCP2CON                           0000001D
CCP2IE                            00000000
CCP2IF                            00000000
CCP2M0                            00000000
CCP2M1                            00000001
CCP2M2                            00000002
CCP2M3                            00000003
CCP2X                             00000005
CCP2Y                             00000004
CCPR1                             00000015
CCPR1H                            00000016
CCPR1L                            00000015
CCPR2                             0000001B
CCPR2H                            0000001C
CCPR2L                            0000001B
CHS0                              00000003
MPASM 5.57  /HOME/DINUSHA/MPLABXPROJECTS/PIC   12-13-2014  14:47:51         PAGE  6


SYMBOL TABLE
  LABEL                             VALUE 

CHS1                              00000004
CHS2                              00000005
CIS                               00000003
CKE                               00000006
CKP                               00000004
CM0                               00000000
CM1                               00000001
CM2                               00000002
CMCON                             0000009C
CMIE                              00000006
CMIF                              00000006
CREN                              00000004
CSRC                              00000007
CVR0                              00000000
CVR1                              00000001
CVR2                              00000002
CVR3                              00000003
CVRCON                            0000009D
CVREN                             00000007
CVROE                             00000006
CVRR                              00000005
D                                 00000005
DATA_ADDRESS                      00000005
DC                                00000001
D_A                               00000005
D_NOT_A                           00000005
EEADR                             0000010D
EEADRH                            0000010F
EECON1                            0000018C
EECON2                            0000018D
EEDATA                            0000010C
EEDATH                            0000010E
EEIE                              00000004
EEIF                              00000004
EEPGD                             00000007
F                                 00000001
FERR                              00000002
FSR                               00000004
GCEN                              00000007
GIE                               00000007
GO                                00000002
GO_DONE                           00000002
GO_NOT_DONE                       00000002
I2C_DATA                          00000005
I2C_READ                          00000002
I2C_START                         00000003
I2C_STOP                          00000004
IBF                               00000007
IBOV                              00000005
INDF                              00000000
INTCON                            0000000B
INTE                              00000004
INTEDG                            00000006
MPASM 5.57  /HOME/DINUSHA/MPLABXPROJECTS/PIC   12-13-2014  14:47:51         PAGE  7


SYMBOL TABLE
  LABEL                             VALUE 

INTERRUPT                         00000004
INTF                              00000001
IRP                               00000007
NOT_A                             00000005
NOT_ADDRESS                       00000005
NOT_BO                            00000000
NOT_BOR                           00000000
NOT_DONE                          00000002
NOT_PD                            00000003
NOT_POR                           00000001
NOT_RBPU                          00000007
NOT_RC8                           00000006
NOT_T1SYNC                        00000002
NOT_TO                            00000004
NOT_TX8                           00000006
NOT_W                             00000002
NOT_WRITE                         00000002
OBF                               00000006
OERR                              00000001
OPTION_REG                        00000081
P                                 00000004
PCFG0                             00000000
PCFG1                             00000001
PCFG2                             00000002
PCFG3                             00000003
PCL                               00000002
PCLATH                            0000000A
PCON                              0000008E
PEIE                              00000006
PEN                               00000002
PIE1                              0000008C
PIE2                              0000008D
PIR1                              0000000C
PIR2                              0000000D
PORTA                             00000005
PORTB                             00000006
PORTC                             00000007
PORTD                             00000008
PORTE                             00000009
PR2                               00000092
PS0                               00000000
PS1                               00000001
PS2                               00000002
PSA                               00000003
PSPIE                             00000007
PSPIF                             00000007
PSPMODE                           00000004
R                                 00000002
RA0                               00000000
RA1                               00000001
RA2                               00000002
RA3                               00000003
RA4                               00000004
MPASM 5.57  /HOME/DINUSHA/MPLABXPROJECTS/PIC   12-13-2014  14:47:51         PAGE  8


SYMBOL TABLE
  LABEL                             VALUE 

RA5                               00000005
RB0                               00000000
RB1                               00000001
RB2                               00000002
RB3                               00000003
RB4                               00000004
RB5                               00000005
RB6                               00000006
RB7                               00000007
RBIE                              00000003
RBIF                              00000000
RC0                               00000000
RC1                               00000001
RC2                               00000002
RC3                               00000003
RC4                               00000004
RC5                               00000005
RC6                               00000006
RC7                               00000007
RC8_9                             00000006
RC9                               00000006
RCD8                              00000000
RCEN                              00000003
RCIE                              00000005
RCIF                              00000005
RCREG                             0000001A
RCSTA                             00000018
RD                                00000000
RD0                               00000000
RD1                               00000001
RD2                               00000002
RD3                               00000003
RD4                               00000004
RD5                               00000005
RD6                               00000006
RD7                               00000007
RE0                               00000000
RE1                               00000001
RE2                               00000002
READ_WRITE                        00000002
RP0                               00000005
RP1                               00000006
RSEN                              00000001
RX9                               00000006
RX9D                              00000000
R_NOT_W                           00000002
R_W                               00000002
S                                 00000003
SEN                               00000000
SMP                               00000007
SPBRG                             00000099
SPEN                              00000007
SREN                              00000005
MPASM 5.57  /HOME/DINUSHA/MPLABXPROJECTS/PIC   12-13-2014  14:47:51         PAGE  9


SYMBOL TABLE
  LABEL                             VALUE 

SSPADD                            00000093
SSPBUF                            00000013
SSPCON                            00000014
SSPCON2                           00000091
SSPEN                             00000005
SSPIE                             00000003
SSPIF                             00000003
SSPM0                             00000000
SSPM1                             00000001
SSPM2                             00000002
SSPM3                             00000003
SSPOV                             00000006
SSPSTAT                           00000094
STATUS                            00000003
SYNC                              00000004
T0CS                              00000005
T0IE                              00000005
T0IF                              00000002
T0SE                              00000004
T1CKPS0                           00000004
T1CKPS1                           00000005
T1CON                             00000010
T1INSYNC                          00000002
T1OSCEN                           00000003
T1SYNC                            00000002
T2CKPS0                           00000000
T2CKPS1                           00000001
T2CON                             00000012
TMR0                              00000001
TMR0IE                            00000005
TMR0IF                            00000002
TMR1                              0000000E
TMR1CS                            00000001
TMR1H                             0000000F
TMR1IE                            00000000
TMR1IF                            00000000
TMR1L                             0000000E
TMR1ON                            00000000
TMR2                              00000011
TMR2IE                            00000001
TMR2IF                            00000001
TMR2ON                            00000002
TOUTPS0                           00000003
TOUTPS1                           00000004
TOUTPS2                           00000005
TOUTPS3                           00000006
TRISA                             00000085
TRISA0                            00000000
TRISA1                            00000001
TRISA2                            00000002
TRISA3                            00000003
TRISA4                            00000004
TRISA5                            00000005
MPASM 5.57  /HOME/DINUSHA/MPLABXPROJECTS/PIC   12-13-2014  14:47:51         PAGE 10


SYMBOL TABLE
  LABEL                             VALUE 

TRISB                             00000086
TRISB0                            00000000
TRISB1                            00000001
TRISB2                            00000002
TRISB3                            00000003
TRISB4                            00000004
TRISB5                            00000005
TRISB6                            00000006
TRISB7                            00000007
TRISC                             00000087
TRISC0                            00000000
TRISC1                            00000001
TRISC2                            00000002
TRISC3                            00000003
TRISC4                            00000004
TRISC5                            00000005
TRISC6                            00000006
TRISC7                            00000007
TRISD                             00000088
TRISD0                            00000000
TRISD1                            00000001
TRISD2                            00000002
TRISD3                            00000003
TRISD4                            00000004
TRISD5                            00000005
TRISD6                            00000006
TRISD7                            00000007
TRISE                             00000089
TRISE0                            00000000
TRISE1                            00000001
TRISE2                            00000002
TRMT                              00000001
TX8_9                             00000006
TX9                               00000006
TX9D                              00000000
TXD8                              00000000
TXEN                              00000005
TXIE                              00000004
TXIF                              00000004
TXREG                             00000019
TXSTA                             00000098
UA                                00000001
W                                 00000000
WCOL                              00000007
WR                                00000001
WREN                              00000002
WRERR                             00000003
Z                                 00000002
_BODEN_OFF                        00003FBF
_BODEN_ON                         00003FFF
_BOREN_OFF                        00003FBF
_BOREN_ON                         00003FFF
_CONFIG                           00002007
MPASM 5.57  /HOME/DINUSHA/MPLABXPROJECTS/PIC   12-13-2014  14:47:51         PAGE 11


SYMBOL TABLE
  LABEL                             VALUE 

_CPD_OFF                          00003FFF
_CPD_ON                           00003EFF
_CP_ALL                           00001FFF
_CP_OFF                           00003FFF
_CP_ON                            00001FFF
_DEBUG_OFF                        00003FFF
_DEBUG_ON                         000037FF
_DEVID1                           00002006
_FOSC_EXTRC                       00003FFF
_FOSC_HS                          00003FFE
_FOSC_LP                          00003FFC
_FOSC_XT                          00003FFD
_HS_OSC                           00003FFE
_IDLOC0                           00002000
_IDLOC1                           00002001
_IDLOC2                           00002002
_IDLOC3                           00002003
_LP_OSC                           00003FFC
_LVP_OFF                          00003F7F
_LVP_ON                           00003FFF
_PWRTE_OFF                        00003FFF
_PWRTE_ON                         00003FF7
_RC_OSC                           00003FFF
_WDTE_OFF                         00003FFB
_WDTE_ON                          00003FFF
_WDT_OFF                          00003FFB
_WDT_ON                           00003FFF
_WRT_1FOURTH                      00003BFF
_WRT_256                          00003DFF
_WRT_HALF                         000039FF
_WRT_OFF                          00003FFF
_XT_OSC                           00003FFD
__16F877A                         00000001
_done_                            0000000B
_one_                             0000000A
_zero_                            00000008
count                             00000000
flag                              00000000
init                              0000000F
loop                              00000003
pclath_temp                       00000002
start                             00000000
status_temp                       00000001
w_temp                            00000000

Errors   :     0
Warnings :     0 reported,     0 suppressed
Messages :     2 reported,     0 suppressed

