MPASM 5.57  /HOME/DINUSHA/MPLABXPROJECTS/PIC   12-7-2014  9:41:31         PAGE  1


LOC  OBJECT CODE     LINE SOURCE TEXT
  VALUE

                      00001 #include    <p16f877a.inc>  ; processor specific variable definitions
                      00001         LIST
                      00002 
                      00003 ;==========================================================================
                      00004 ; Build date : May 28 2014
                      00005 ;  MPASM PIC16F877A processor include
                      00006 ; 
                      00007 ;  (c) Copyright 1999-2014 Microchip Technology, All rights reserved
                      00008 ;==========================================================================
                      00009 
                      00567         LIST
                      00002 
                      00003 #define DEVICE_ADDRESS 0x0A     ; Real Address is 0x5 = 0xA/2
                      00004 
Warning[205]: Found directive in column 1. (global)
  0000                00005 global i2c_slave_init
Warning[205]: Found directive in column 1. (global)
  0000                00006 global i2c_handler
Warning[205]: Found directive in column 1. (global)
  0000                00007 global ssp_buffer
                      00008 
Warning[205]: Found directive in column 1. (UDATA)
                      00009 UDATA
0000                  00010 ssp_buffer  RES 8                   ; Buffer for transactions
0008                  00011 buffer_idx  RES 1
0009                  00012 temp        RES 1
                      00013 
                      00014 
Warning[205]: Found directive in column 1. (CODE)
                      00015 CODE
                      00016 
0000                  00017 i2c_slave_init
                      00018      ;Switching to Bank0
0000   1283           00019     bcf     STATUS, RP0
0001   1303           00020     bcf     STATUS, RP1
                      00021 
                      00022     ;clrf    PORTC
0002   1187           00023     bcf     PORTC, RC3
0003   1207           00024     bcf     PORTC, RC4
                      00025 
                      00026     ;movlw   0x00
                      00027     ;movwf   ADCON0
                      00028 
                      00029     ;movlw   0x00
                      00030     ;movwf   PORTB
                      00031 
                      00032     ;Switching to Bank 1
0004   1683           00033     bsf     STATUS, RP0
                      00034 
                      00035     ;movlw   0x06
                      00036     ;movwf   ADCON1
                      00037 
                      00038     ;Setting TRISC
MPASM 5.57  /HOME/DINUSHA/MPLABXPROJECTS/PIC   12-7-2014  9:41:31         PAGE  2


LOC  OBJECT CODE     LINE SOURCE TEXT
  VALUE

Message[302]: Register in operand not in bank 0.  Ensure that bank bits are correct.
0005   1587           00039     bsf   TRISC, RC3
Message[302]: Register in operand not in bank 0.  Ensure that bank bits are correct.
0006   1607           00040     bsf   TRISC, RC4
                      00041 
Message[302]: Register in operand not in bank 0.  Ensure that bank bits are correct.
0007   1794           00042     bsf   SSPSTAT, SMP
Message[302]: Register in operand not in bank 0.  Ensure that bank bits are correct.
0008   1314           00043     bcf   SSPSTAT, CKE
                      00044 
0009   300A           00045     movlw   DEVICE_ADDRESS
Message[302]: Register in operand not in bank 0.  Ensure that bank bits are correct.
000A   0093           00046     movwf   SSPADD
                      00047 
Message[302]: Register in operand not in bank 0.  Ensure that bank bits are correct.
000B   0191           00048     clrf    SSPCON2
                      00049 
Message[302]: Register in operand not in bank 0.  Ensure that bank bits are correct.
000C   158C           00050     bsf     PIE1, SSPIE         ; Enabling SSP interrupts
000D   170B           00051     bsf     INTCON, PEIE        ; Enabling peripheral interrupts
000E   178B           00052     bsf     INTCON, GIE         ; Enabling global interrupts
                      00053 
                      00054     ;Switching to Bank 0
000F   1283           00055     bcf STATUS, RP0
                      00056 
0010   0194           00057     clrf    SSPCON
                      00058 
0011   3006           00059     movlw   0x06
0012   0094           00060     movwf   SSPCON
                      00061 
0013   1694           00062     bsf     SSPCON, SSPEN
0014   1614           00063     bsf     SSPCON, CKP
                      00064 
0015   1683 1303      00065     banksel PIE1
Message[302]: Register in operand not in bank 0.  Ensure that bank bits are correct.
0017   158C           00066     bsf     PIE1, SSPIE
0018   170B           00067     bsf     INTCON, PEIE
                      00068     ;bsf     INTCON, GIE
                      00069 
0019   ???? ????      00070     banksel ssp_buffer
001B   01??           00071     clrf    ssp_buffer
                      00072 
001C   30??           00073     movlw   ssp_buffer
001D   ???? ????      00074     banksel buffer_idx
001F   00??           00075     movwf   buffer_idx
                      00076 
0020   0008           00077     return
                      00078 
                      00079 ;---------------------------------------------------------------------
                      00080 ; The I2C code below checks for 5 states:
                      00081 ;---------------------------------------------------------------------
                      00082 ; State 1: I2C write operation, last byte was an address byte.
                      00083 ; SSPSTAT bits: S = 1, D_A = 0, R_W = 0, BF = 1
MPASM 5.57  /HOME/DINUSHA/MPLABXPROJECTS/PIC   12-7-2014  9:41:31         PAGE  3


LOC  OBJECT CODE     LINE SOURCE TEXT
  VALUE

                      00084 ;
                      00085 ; State 2: I2C write operation, last byte was a data byte.
                      00086 ; SSPSTAT bits: S = 1, D_A = 1, R_W = 0, BF = 1
                      00087 ;
                      00088 ; State 3: I2C read operation, last byte was an address byte.
                      00089 ; SSPSTAT bits:
                      00090 ; S = 1, D_A = 0, R_W = 1 (see Appendix C for more information)
                      00091 ;
                      00092 ; State 4: I2C read operation, last byte was a data byte.
                      00093 ; SSPSTAT bits: S = 1, D_A = 1, R_W = 1, BF = 0
                      00094 ;
                      00095 ; State 5: Slave I2C logic reset by NACK from master.
                      00096 ; SSPSTAT bits:
                      00097 ; S = 1, D_A = 1, BF = 0, CKP = 1 (see Appendix C for more information)
                      00098 ;
                      00099 ; For convenience, WriteI2C and ReadI2C functions have been used.
                      00100 ;----------------------------------------------------------------------
                      00101 
                      00102 
0021                  00103 i2c_handler
0021   1683 1303      00104     banksel SSPSTAT
Message[302]: Register in operand not in bank 0.  Ensure that bank bits are correct.
0023   0814           00105     movf    SSPSTAT, w
0024   392D           00106     andlw   b'00101101'
0025   ???? ????      00107     banksel temp
0027   00??           00108     movwf   temp
                      00109 
0028                  00110 state1:
0028   3009           00111     movlw   b'00001001'
0029   06??           00112     xorwf   temp, w
002A   1D03           00113     btfss   STATUS, Z
002B   2???           00114     goto    state2
002C   1283 1303      00115     banksel SSPBUF
002E   0813           00116     movf    SSPBUF, w               ; Do a dummy reading of the SSPBUF
                      00117     ;banksel ssp_buffer
                      00118     ;clrf   ssp_buffer
                      00119     ;banksel buffer_idx
                      00120     ;clrf    buffer_idx
002F   ???? ????      00121     banksel ssp_buffer
0031   30??           00122     movlw   ssp_buffer
0032   ???? ????      00123     banksel buffer_idx
0034   00??           00124     movwf   buffer_idx
                      00125 
0035   ???? ????      00126     banksel ssp_buffer
0037   30??           00127     movlw   ssp_buffer
0038   0084           00128     movwf   FSR
0039                  00129 l_clr
0039   0180           00130     clrf    INDF
003A   0A84           00131     incf    FSR, f
003B   1984           00132     btfsc   FSR, 3
003C   2???           00133     goto    l_clr
                      00134 
003D   0008           00135     return
MPASM 5.57  /HOME/DINUSHA/MPLABXPROJECTS/PIC   12-7-2014  9:41:31         PAGE  4


LOC  OBJECT CODE     LINE SOURCE TEXT
  VALUE

                      00136 
003E                  00137 state2:
003E   3029           00138     movlw   b'00101001'
003F   06??           00139     xorwf   temp, w
0040   1D03           00140     btfss   STATUS, Z
0041   2???           00141     goto    state3
                      00142     ;banksel SSPBUF
                      00143     ;movf    SSPBUF, w
                      00144     ;banksel ssp_buffer
                      00145     ;movwf   ssp_buffer
0042   ???? ????      00146     banksel buffer_idx
0044   08??           00147     movf    buffer_idx, w
0045   0084           00148     movwf   FSR
0046   1283 1303      00149     banksel SSPBUF
0048   0813           00150     movf    SSPBUF, w
0049   0080           00151     movwf   INDF
004A   ???? ????      00152     banksel buffer_idx
004C   0A??           00153     incf    buffer_idx, f
004D   0008           00154     return
                      00155 
004E                  00156 state3:
                      00157     ;movf    temp, w
                      00158     ;banksel SSPBUF
                      00159     ;movf    SSPBUF, w
004E   0008           00160     return
                      00161 
Warning[205]: Found directive in column 1. (END)
                      00162 END
MPASM 5.57  /HOME/DINUSHA/MPLABXPROJECTS/PIC   12-7-2014  9:41:31         PAGE  5


SYMBOL TABLE
  LABEL                             VALUE 

ACKDT                             00000005
ACKEN                             00000004
ACKSTAT                           00000006
ADCON0                            0000001F
ADCON1                            0000009F
ADCS0                             00000006
ADCS1                             00000007
ADCS2                             00000006
ADDEN                             00000003
ADFM                              00000007
ADIE                              00000006
ADIF                              00000006
ADON                              00000000
ADRESH                            0000001E
ADRESL                            0000009E
BCLIE                             00000003
BCLIF                             00000003
BF                                00000000
BRGH                              00000002
C                                 00000000
C1INV                             00000004
C1OUT                             00000006
C2INV                             00000005
C2OUT                             00000007
CCP1CON                           00000017
CCP1IE                            00000002
CCP1IF                            00000002
CCP1M0                            00000000
CCP1M1                            00000001
CCP1M2                            00000002
CCP1M3                            00000003
CCP1X                             00000005
CCP1Y                             00000004
CCP2CON                           0000001D
CCP2IE                            00000000
CCP2IF                            00000000
CCP2M0                            00000000
CCP2M1                            00000001
CCP2M2                            00000002
CCP2M3                            00000003
CCP2X                             00000005
CCP2Y                             00000004
CCPR1                             00000015
CCPR1H                            00000016
CCPR1L                            00000015
CCPR2                             0000001B
CCPR2H                            0000001C
CCPR2L                            0000001B
CHS0                              00000003
CHS1                              00000004
CHS2                              00000005
CIS                               00000003
CKE                               00000006
MPASM 5.57  /HOME/DINUSHA/MPLABXPROJECTS/PIC   12-7-2014  9:41:31         PAGE  6


SYMBOL TABLE
  LABEL                             VALUE 

CKP                               00000004
CM0                               00000000
CM1                               00000001
CM2                               00000002
CMCON                             0000009C
CMIE                              00000006
CMIF                              00000006
CREN                              00000004
CSRC                              00000007
CVR0                              00000000
CVR1                              00000001
CVR2                              00000002
CVR3                              00000003
CVRCON                            0000009D
CVREN                             00000007
CVROE                             00000006
CVRR                              00000005
D                                 00000005
DATA_ADDRESS                      00000005
DC                                00000001
DEVICE_ADDRESS                    0x0A
D_A                               00000005
D_NOT_A                           00000005
EEADR                             0000010D
EEADRH                            0000010F
EECON1                            0000018C
EECON2                            0000018D
EEDATA                            0000010C
EEDATH                            0000010E
EEIE                              00000004
EEIF                              00000004
EEPGD                             00000007
F                                 00000001
FERR                              00000002
FSR                               00000004
GCEN                              00000007
GIE                               00000007
GO                                00000002
GO_DONE                           00000002
GO_NOT_DONE                       00000002
I2C_DATA                          00000005
I2C_READ                          00000002
I2C_START                         00000003
I2C_STOP                          00000004
IBF                               00000007
IBOV                              00000005
INDF                              00000000
INTCON                            0000000B
INTE                              00000004
INTEDG                            00000006
INTF                              00000001
IRP                               00000007
NOT_A                             00000005
MPASM 5.57  /HOME/DINUSHA/MPLABXPROJECTS/PIC   12-7-2014  9:41:31         PAGE  7


SYMBOL TABLE
  LABEL                             VALUE 

NOT_ADDRESS                       00000005
NOT_BO                            00000000
NOT_BOR                           00000000
NOT_DONE                          00000002
NOT_PD                            00000003
NOT_POR                           00000001
NOT_RBPU                          00000007
NOT_RC8                           00000006
NOT_T1SYNC                        00000002
NOT_TO                            00000004
NOT_TX8                           00000006
NOT_W                             00000002
NOT_WRITE                         00000002
OBF                               00000006
OERR                              00000001
OPTION_REG                        00000081
P                                 00000004
PCFG0                             00000000
PCFG1                             00000001
PCFG2                             00000002
PCFG3                             00000003
PCL                               00000002
PCLATH                            0000000A
PCON                              0000008E
PEIE                              00000006
PEN                               00000002
PIE1                              0000008C
PIE2                              0000008D
PIR1                              0000000C
PIR2                              0000000D
PORTA                             00000005
PORTB                             00000006
PORTC                             00000007
PORTD                             00000008
PORTE                             00000009
PR2                               00000092
PS0                               00000000
PS1                               00000001
PS2                               00000002
PSA                               00000003
PSPIE                             00000007
PSPIF                             00000007
PSPMODE                           00000004
R                                 00000002
RA0                               00000000
RA1                               00000001
RA2                               00000002
RA3                               00000003
RA4                               00000004
RA5                               00000005
RB0                               00000000
RB1                               00000001
RB2                               00000002
MPASM 5.57  /HOME/DINUSHA/MPLABXPROJECTS/PIC   12-7-2014  9:41:31         PAGE  8


SYMBOL TABLE
  LABEL                             VALUE 

RB3                               00000003
RB4                               00000004
RB5                               00000005
RB6                               00000006
RB7                               00000007
RBIE                              00000003
RBIF                              00000000
RC0                               00000000
RC1                               00000001
RC2                               00000002
RC3                               00000003
RC4                               00000004
RC5                               00000005
RC6                               00000006
RC7                               00000007
RC8_9                             00000006
RC9                               00000006
RCD8                              00000000
RCEN                              00000003
RCIE                              00000005
RCIF                              00000005
RCREG                             0000001A
RCSTA                             00000018
RD                                00000000
RD0                               00000000
RD1                               00000001
RD2                               00000002
RD3                               00000003
RD4                               00000004
RD5                               00000005
RD6                               00000006
RD7                               00000007
RE0                               00000000
RE1                               00000001
RE2                               00000002
READ_WRITE                        00000002
RP0                               00000005
RP1                               00000006
RSEN                              00000001
RX9                               00000006
RX9D                              00000000
R_NOT_W                           00000002
R_W                               00000002
S                                 00000003
SEN                               00000000
SMP                               00000007
SPBRG                             00000099
SPEN                              00000007
SREN                              00000005
SSPADD                            00000093
SSPBUF                            00000013
SSPCON                            00000014
SSPCON2                           00000091
MPASM 5.57  /HOME/DINUSHA/MPLABXPROJECTS/PIC   12-7-2014  9:41:31         PAGE  9


SYMBOL TABLE
  LABEL                             VALUE 

SSPEN                             00000005
SSPIE                             00000003
SSPIF                             00000003
SSPM0                             00000000
SSPM1                             00000001
SSPM2                             00000002
SSPM3                             00000003
SSPOV                             00000006
SSPSTAT                           00000094
STATUS                            00000003
SYNC                              00000004
T0CS                              00000005
T0IE                              00000005
T0IF                              00000002
T0SE                              00000004
T1CKPS0                           00000004
T1CKPS1                           00000005
T1CON                             00000010
T1INSYNC                          00000002
T1OSCEN                           00000003
T1SYNC                            00000002
T2CKPS0                           00000000
T2CKPS1                           00000001
T2CON                             00000012
TMR0                              00000001
TMR0IE                            00000005
TMR0IF                            00000002
TMR1                              0000000E
TMR1CS                            00000001
TMR1H                             0000000F
TMR1IE                            00000000
TMR1IF                            00000000
TMR1L                             0000000E
TMR1ON                            00000000
TMR2                              00000011
TMR2IE                            00000001
TMR2IF                            00000001
TMR2ON                            00000002
TOUTPS0                           00000003
TOUTPS1                           00000004
TOUTPS2                           00000005
TOUTPS3                           00000006
TRISA                             00000085
TRISA0                            00000000
TRISA1                            00000001
TRISA2                            00000002
TRISA3                            00000003
TRISA4                            00000004
TRISA5                            00000005
TRISB                             00000086
TRISB0                            00000000
TRISB1                            00000001
TRISB2                            00000002
MPASM 5.57  /HOME/DINUSHA/MPLABXPROJECTS/PIC   12-7-2014  9:41:31         PAGE 10


SYMBOL TABLE
  LABEL                             VALUE 

TRISB3                            00000003
TRISB4                            00000004
TRISB5                            00000005
TRISB6                            00000006
TRISB7                            00000007
TRISC                             00000087
TRISC0                            00000000
TRISC1                            00000001
TRISC2                            00000002
TRISC3                            00000003
TRISC4                            00000004
TRISC5                            00000005
TRISC6                            00000006
TRISC7                            00000007
TRISD                             00000088
TRISD0                            00000000
TRISD1                            00000001
TRISD2                            00000002
TRISD3                            00000003
TRISD4                            00000004
TRISD5                            00000005
TRISD6                            00000006
TRISD7                            00000007
TRISE                             00000089
TRISE0                            00000000
TRISE1                            00000001
TRISE2                            00000002
TRMT                              00000001
TX8_9                             00000006
TX9                               00000006
TX9D                              00000000
TXD8                              00000000
TXEN                              00000005
TXIE                              00000004
TXIF                              00000004
TXREG                             00000019
TXSTA                             00000098
UA                                00000001
W                                 00000000
WCOL                              00000007
WR                                00000001
WREN                              00000002
WRERR                             00000003
Z                                 00000002
_BODEN_OFF                        00003FBF
_BODEN_ON                         00003FFF
_BOREN_OFF                        00003FBF
_BOREN_ON                         00003FFF
_CONFIG                           00002007
_CPD_OFF                          00003FFF
_CPD_ON                           00003EFF
_CP_ALL                           00001FFF
_CP_OFF                           00003FFF
MPASM 5.57  /HOME/DINUSHA/MPLABXPROJECTS/PIC   12-7-2014  9:41:31         PAGE 11


SYMBOL TABLE
  LABEL                             VALUE 

_CP_ON                            00001FFF
_DEBUG_OFF                        00003FFF
_DEBUG_ON                         000037FF
_DEVID1                           00002006
_FOSC_EXTRC                       00003FFF
_FOSC_HS                          00003FFE
_FOSC_LP                          00003FFC
_FOSC_XT                          00003FFD
_HS_OSC                           00003FFE
_IDLOC0                           00002000
_IDLOC1                           00002001
_IDLOC2                           00002002
_IDLOC3                           00002003
_LP_OSC                           00003FFC
_LVP_OFF                          00003F7F
_LVP_ON                           00003FFF
_PWRTE_OFF                        00003FFF
_PWRTE_ON                         00003FF7
_RC_OSC                           00003FFF
_WDTE_OFF                         00003FFB
_WDTE_ON                          00003FFF
_WDT_OFF                          00003FFB
_WDT_ON                           00003FFF
_WRT_1FOURTH                      00003BFF
_WRT_256                          00003DFF
_WRT_HALF                         000039FF
_WRT_OFF                          00003FFF
_XT_OSC                           00003FFD
__16F877A                         00000001
buffer_idx                        00000008
i2c_handler                       00000021
i2c_slave_init                    00000000
l_clr                             00000039
ssp_buffer                        00000000
state1                            00000028
state2                            0000003E
state3                            0000004E
temp                              00000009

Errors   :     0
Warnings :     6 reported,     0 suppressed
Messages :     9 reported,     0 suppressed

