MPASM 5.57  /HOME/DINUSHA/MPLABXPROJECTS/PIC   12-13-2014  16:32:29         PAGE  1


LOC  OBJECT CODE     LINE SOURCE TEXT
  VALUE

                      00001 ; Templates location /usr/local/microchip/mplabx/mpasmx/templates/Object
                      00002 ;**********************************************************************
                      00003 ;   This file is a basic code template for object module code         *
                      00004 ;   generation on the PIC16F877A. This file contains the              *
                      00005 ;   basic code building blocks to build upon.                         *
                      00006 ;                                                                     *
                      00007 ;   Refer to the MPASM User's Guide for additional information on     *
                      00008 ;   features of the assembler and linker (Document DS33014).          *
                      00009 ;                                                                     *
                      00010 ;   Refer to the respective PIC data sheet for additional             *
                      00011 ;   information on the instruction set.                               *
                      00012 ;                                                                     *
                      00013 ;**********************************************************************
                      00014 ;                                                                     *
                      00015 ;    Filename:      xxx.asm                                           *
                      00016 ;    Date:                                                            *
                      00017 ;    File Version:                                                    *
                      00018 ;                                                                     *
                      00019 ;    Author:                                                          *
                      00020 ;    Company:                                                         *
                      00021 ;                                                                     *
                      00022 ;                                                                     *
                      00023 ;**********************************************************************
                      00024 ;                                                                     *
                      00025 ;    Files required: P16F877A.INC                                     *
                      00026 ;                                                                     *
                      00027 ;                                                                     *
                      00028 ;                                                                     *
                      00029 ;**********************************************************************
                      00030 ;                                                                     *
                      00031 ;    Notes:                                                           *
                      00032 ;                                                                     *
                      00033 ;                                                                     *
                      00034 ;                                                                     *
                      00035 ;                                                                     *
                      00036 ;**********************************************************************
                      00037 
                      00038 
                      00039     list        p=16f877a   ; list directive to define processor
                      00040     #include    <p16f877a.inc>  ; processor specific variable definitions
                      00001         LIST
                      00002 
                      00003 ;==========================================================================
                      00004 ; Build date : May 28 2014
                      00005 ;  MPASM PIC16F877A processor include
                      00006 ; 
                      00007 ;  (c) Copyright 1999-2014 Microchip Technology, All rights reserved
                      00008 ;==========================================================================
                      00009 
                      00567         LIST
                      00041 
                      00042     ;__CONFIG _CP_OFF & _WDT_OFF & _BODEN_OFF & _PWRTE_ON & _RC_OSC & _WRT_OFF & _LVP_ON & _CPD_OFF
2007   3F32           00043     __CONFIG  _FOSC_HS & _WRT_OFF & _LVP_OFF & _CPD_OFF & _CP_OFF & _WDT_OFF & _BODEN_OFF & _PWRTE_ON
MPASM 5.57  /HOME/DINUSHA/MPLABXPROJECTS/PIC   12-13-2014  16:32:29         PAGE  2


LOC  OBJECT CODE     LINE SOURCE TEXT
  VALUE

                      00044 
                      00045 ; '__CONFIG' directive is used to embed configuration data within .asm file.
                      00046 ; The labels following the directive are located in the respective .inc file.
                      00047 ; See respective data sheet for additional information on configuration word.
                      00048 
                      00049 ;************* Macros ****************
                      00050 BANK0 MACRO
                      00051     bcf STATUS, RP0
                      00052     bcf STATUS, RP1
                      00053     ENDM
                      00054 
                      00055 BANK1 MACRO
                      00056     bsf STATUS, RP0
                      00057     bcf STATUS, RP1
                      00058     ENDM
                      00059 
                      00060 BANK2 MACRO
                      00061     bcf STATUS, RP0
                      00062     bsf STATUS, RP1
                      00063     ENDM
                      00064 
                      00065 BANK3 MACRO
                      00066     bsf STATUS, RP0
                      00067     bsf STATUS, RP1
                      00068     ENDM
                      00069 ;*************************************
                      00070 
                      00071 ;***** VARIABLE DEFINITIONS (examples)
                      00072 
                      00073 ; example of using Shared Uninitialized Data Section
                      00074 INT_VAR     UDATA_SHR
0000                  00075 w_temp      RES     1       ; variable used for context saving
0001                  00076 status_temp RES     1       ; variable used for context saving
0002                  00077 pclath_temp RES     1       ; variable used for context saving
                      00078 
                      00079 ; example of using Uninitialized Data Section
                      00080 TEMP_VAR    UDATA           ; explicit address specified is not required
0000                  00081 free_counter RES    1
                      00082 
                      00083 ; example of using Overlayed Uninitialized Data Section
                      00084 ; in this example both variables are assigned the same GPR location by linker
                      00085 G_DATA      UDATA_OVR       ; explicit address can be specified
0000                  00086 flag        RES 2           ; temporary variable (shared locations - G_DATA)
                      00087 
                      00088 G_DATA      UDATA_OVR
0000                  00089 count       RES 2           ; temporary variable (shared locations - G_DATA)
                      00090 
                      00091 ;**********************************************************************
                      00092 RESET_VECTOR    CODE    0x0000 ; processor reset vector
0000   0000           00093     nop                        ; nop for icd
0001   ???? ????      00094     pagesel start
0003   2???           00095     goto    start              ; go to beginning of program
                      00096 
MPASM 5.57  /HOME/DINUSHA/MPLABXPROJECTS/PIC   12-13-2014  16:32:29         PAGE  3


LOC  OBJECT CODE     LINE SOURCE TEXT
  VALUE

                      00097 
                      00098 INT_VECTOR      CODE    0x0004 ; interrupt vector location
                      00099 
0004                  00100 INTERRUPT
                      00101 
0004   00??           00102     movwf   w_temp          ; save off current W register contents
0005   0803           00103     movf    STATUS,w        ; move status register into W register
0006   00??           00104     movwf   status_temp     ; save off contents of STATUS register
0007   080A           00105     movf    PCLATH,w        ; move pclath register into w register
0008   00??           00106     movwf   pclath_temp     ; save off contents of PCLATH register
                      00107 
                      00108 
0009   1283 1303      00109     banksel INTCON
000B   110B           00110     bcf     INTCON, TMR0IF
                      00111     
000C   08??           00112     movf    pclath_temp,w   ; retrieve copy of PCLATH register
000D   008A           00113     movwf   PCLATH          ; restore pre-isr PCLATH register contents
000E   08??           00114     movf    status_temp,w   ; retrieve copy of STATUS register
000F   0083           00115     movwf   STATUS          ; restore pre-isr STATUS register contents
0010   0E??           00116     swapf   w_temp,f
0011   0E??           00117     swapf   w_temp,w        ; restore pre-isr W register contents
                      00118 
0012   0009           00119     retfie                  ; return from interrupt
                      00120 
                      00121 MAIN_PROG       CODE
                      00122 
                      00123 
0000                  00124 start
                      00125     
0000   ???? ????      00126     pagesel init
0002   2???           00127     call    init
                      00128 
0003   ???? ????      00129     banksel free_counter
0005   01??           00130     clrf    free_counter
                      00131 
0006   ???? ????      00132     pagesel serial_init
0008   2???           00133     call    serial_init
                      00134 
                      00135 
0009                  00136 loop
0009   3050           00137     movlw   'P'
000A   ???? ????      00138     pagesel serial_txpoll
000C   2???           00139     call    serial_txpoll
                      00140 
                      00141     ;movlw   'X'
                      00142     ;pagesel serial_txpoll
                      00143     ;call    serial_txpoll
                      00144 
000D   3000           00145     movlw   0x0
000E   ???? ????      00146     pagesel outmessage
0010   2???           00147     call    outmessage
                      00148 
0011   1283 1303      00149     banksel PORTB
MPASM 5.57  /HOME/DINUSHA/MPLABXPROJECTS/PIC   12-13-2014  16:32:29         PAGE  4


LOC  OBJECT CODE     LINE SOURCE TEXT
  VALUE

0013   1506           00150     bsf     PORTB, RB2
                      00151 
                      00152     ;goto    loop
                      00153     ;goto $
                      00154 
0014                  00155 init
                      00156     ;Shutting down ADC
                      00157     ;Switching to Bank0
                      00158     BANK0
0014   1283               M     bcf STATUS, RP0
0015   1303               M     bcf STATUS, RP1
                      00159 
0016   0186           00160     clrf    PORTB
                      00161 
0017   3000           00162     movlw   0x00
0018   009F           00163     movwf   ADCON0
                      00164 
                      00165     ;movlw   0x00
                      00166     ;movwf   PORTB
                      00167 
                      00168     ;Switching to Bank 1
                      00169     BANK1
0019   1683               M     bsf STATUS, RP0
001A   1303               M     bcf STATUS, RP1
                      00170 
001B   3006           00171     movlw   0x06
Message[302]: Register in operand not in bank 0.  Ensure that bank bits are correct.
001C   009F           00172     movwf   ADCON1
                      00173 
                      00174     ;Setting TRISB
001D   3000           00175     movlw   0x00
Message[302]: Register in operand not in bank 0.  Ensure that bank bits are correct.
001E   0086           00176     movwf   TRISB
                      00177 
                      00178     ;Enabling TMR0 interrupts
001F   3000           00179     movlw   0x00
Message[302]: Register in operand not in bank 0.  Ensure that bank bits are correct.
0020   0081           00180     movwf   OPTION_REG          ;1:2 => (200ns*2) * 256 = 100us
                      00181 
0021   30A0           00182     movlw   0xA0
0022   008B           00183     movwf   INTCON
                      00184 
                      00185     ;Switching to Bank 0
                      00186     BANK0
0023   1283               M     bcf STATUS, RP0
0024   1303               M     bcf STATUS, RP1
                      00187 
0025   0181           00188     clrf    TMR0
0026   0008           00189     return
                      00190 
0027                  00191 serial_init
                      00192     BANK1
0027   1683               M     bsf STATUS, RP0
MPASM 5.57  /HOME/DINUSHA/MPLABXPROJECTS/PIC   12-13-2014  16:32:29         PAGE  5


LOC  OBJECT CODE     LINE SOURCE TEXT
  VALUE

0028   1303               M     bcf STATUS, RP1
Message[302]: Register in operand not in bank 0.  Ensure that bank bits are correct.
0029   1787           00193     bsf TRISC, RC7
Message[302]: Register in operand not in bank 0.  Ensure that bank bits are correct.
002A   1307           00194     bcf TRISC, RC6
                      00195 
                      00196     ;Clearing out TX and RX registers
                      00197     BANK0
002B   1283               M     bcf STATUS, RP0
002C   1303               M     bcf STATUS, RP1
002D   0199           00198     clrf    TXREG
002E   019A           00199     clrf    RCREG
                      00200 
                      00201     ;Setting baud rate of 19200bps -> 15
                      00202     BANK1
002F   1683               M     bsf STATUS, RP0
0030   1303               M     bcf STATUS, RP1
0031   3040           00203     movlw   0x40
Message[302]: Register in operand not in bank 0.  Ensure that bank bits are correct.
0032   0099           00204     movwf   SPBRG
                      00205 
                      00206     ;Transmission Mode, Asynchronous Mode, 8N1 format
0033   3024           00207         movlw   b'00100100'
Message[302]: Register in operand not in bank 0.  Ensure that bank bits are correct.
0034   0098           00208         movwf   TXSTA
                      00209 
                      00210     ;USART enabled with async mode
                      00211     BANK0
0035   1283               M     bcf STATUS, RP0
0036   1303               M     bcf STATUS, RP1
0037   3090           00212     movlw   b'10010000'
0038   0098           00213     movwf   RCSTA
                      00214 
0039   0008           00215     return
                      00216 
003A                  00217 serial_rxpoll
003A   1283 1303      00218     banksel PIR1
003C   1E8C           00219     btfss   PIR1, RCIF
003D   2???           00220     goto    $-1
                      00221 
003E   1283 1303      00222     banksel RCREG
0040   081A           00223     movf    RCREG, w
                      00224 
0041   0008           00225     return
                      00226 
0042                  00227 serial_txpoll
0042   1283 1303      00228     banksel PIR1
0044   1E0C           00229     btfss   PIR1, TXIF
0045   2???           00230     goto    $-1
                      00231 
0046   1283 1303      00232     banksel TXREG
0048   0099           00233     movwf   TXREG
                      00234 
MPASM 5.57  /HOME/DINUSHA/MPLABXPROJECTS/PIC   12-13-2014  16:32:29         PAGE  6


LOC  OBJECT CODE     LINE SOURCE TEXT
  VALUE

0049   0008           00235     return
                      00236 
004A                  00237 serial_nl
004A   300D           00238     movlw   0x0D
004B   ???? ????      00239     pagesel serial_txpoll
004D   2???           00240     call    serial_txpoll
004E   300A           00241     movlw   0x0A
004F   ???? ????      00242     pagesel serial_txpoll
0051   2???           00243     call    serial_txpoll
                      00244 
0052   0008           00245     return
                      00246 
0053                  00247 getmessages
0053   0782           00248         addwf   PCL, f
                      00249         ;dt     "Test Message", 0
                      00250         ;dt     "Test Message2", 0
0054   342D 342D 342D 00251         dt "-------------------------------------------", 0x0D, 0x0A
       342D 342D 342D 
       342D 342D 342D 
       342D 342D 342D 
       342D 342D 342D 
       342D 342D 342D 
       342D 342D 342D 
       342D 342D 342D 
       342D 342D 342D 
       342D 342D 342D 
       342D 342D 342D 
       342D 342D 342D 
       342D 342D 342D 
       342D 342D 342D 
       342D 340D 340A 
0081   3454 3465 3473 00252         dt "Test Message", 0x0D, 0x0A
       3474 3420 344D 
       3465 3473 3473 
       3461 3467 3465 
       340D 340A 
008F   342D 342D 342D 00253         dt "-------------------------------------------", 0
       342D 342D 342D 
       342D 342D 342D 
       342D 342D 342D 
       342D 342D 342D 
       342D 342D 342D 
       342D 342D 342D 
       342D 342D 342D 
       342D 342D 342D 
       342D 342D 342D 
       342D 342D 342D 
       342D 342D 342D 
       342D 342D 342D 
       342D 342D 342D 
       342D 3400 
                      00254         ;return
                      00255 
MPASM 5.57  /HOME/DINUSHA/MPLABXPROJECTS/PIC   12-13-2014  16:32:29         PAGE  7


LOC  OBJECT CODE     LINE SOURCE TEXT
  VALUE

00BB                  00256 serial_printmessage
00BB   0084           00257         movwf   FSR
                      00258 
00BC                  00259 outmessage
00BC   0804           00260         movf    FSR, w
00BD   0A84           00261         incf    FSR, f
00BE   ???? ????      00262     pagesel getmessages
00C0   2???           00263         call    getmessages
00C1   3A00           00264         xorlw   0
00C2   1903           00265         btfsc   STATUS, Z
00C3   0008           00266         return
00C4   ???? ????      00267     pagesel serial_txpoll
00C6   2???           00268     call    serial_txpoll
00C7   2???           00269         goto    outmessage
                      00270 
00C8                  00271 MessageOK:
00C8   344F 344B 340D 00272     dt  "OK", 0xd, 0xa
       340A 
3F32                  00273     END                       ; directive 'end of program'
MPASM 5.57  /HOME/DINUSHA/MPLABXPROJECTS/PIC   12-13-2014  16:32:29         PAGE  8


SYMBOL TABLE
  LABEL                             VALUE 

ACKDT                             00000005
ACKEN                             00000004
ACKSTAT                           00000006
ADCON0                            0000001F
ADCON1                            0000009F
ADCS0                             00000006
ADCS1                             00000007
ADCS2                             00000006
ADDEN                             00000003
ADFM                              00000007
ADIE                              00000006
ADIF                              00000006
ADON                              00000000
ADRESH                            0000001E
ADRESL                            0000009E
BANK0                             
BANK1                             
BANK2                             
BANK3                             
BCLIE                             00000003
BCLIF                             00000003
BF                                00000000
BRGH                              00000002
C                                 00000000
C1INV                             00000004
C1OUT                             00000006
C2INV                             00000005
C2OUT                             00000007
CCP1CON                           00000017
CCP1IE                            00000002
CCP1IF                            00000002
CCP1M0                            00000000
CCP1M1                            00000001
CCP1M2                            00000002
CCP1M3                            00000003
CCP1X                             00000005
CCP1Y                             00000004
CCP2CON                           0000001D
CCP2IE                            00000000
CCP2IF                            00000000
CCP2M0                            00000000
CCP2M1                            00000001
CCP2M2                            00000002
CCP2M3                            00000003
CCP2X                             00000005
CCP2Y                             00000004
CCPR1                             00000015
CCPR1H                            00000016
CCPR1L                            00000015
CCPR2                             0000001B
CCPR2H                            0000001C
CCPR2L                            0000001B
CHS0                              00000003
MPASM 5.57  /HOME/DINUSHA/MPLABXPROJECTS/PIC   12-13-2014  16:32:29         PAGE  9


SYMBOL TABLE
  LABEL                             VALUE 

CHS1                              00000004
CHS2                              00000005
CIS                               00000003
CKE                               00000006
CKP                               00000004
CM0                               00000000
CM1                               00000001
CM2                               00000002
CMCON                             0000009C
CMIE                              00000006
CMIF                              00000006
CREN                              00000004
CSRC                              00000007
CVR0                              00000000
CVR1                              00000001
CVR2                              00000002
CVR3                              00000003
CVRCON                            0000009D
CVREN                             00000007
CVROE                             00000006
CVRR                              00000005
D                                 00000005
DATA_ADDRESS                      00000005
DC                                00000001
D_A                               00000005
D_NOT_A                           00000005
EEADR                             0000010D
EEADRH                            0000010F
EECON1                            0000018C
EECON2                            0000018D
EEDATA                            0000010C
EEDATH                            0000010E
EEIE                              00000004
EEIF                              00000004
EEPGD                             00000007
F                                 00000001
FERR                              00000002
FSR                               00000004
GCEN                              00000007
GIE                               00000007
GO                                00000002
GO_DONE                           00000002
GO_NOT_DONE                       00000002
I2C_DATA                          00000005
I2C_READ                          00000002
I2C_START                         00000003
I2C_STOP                          00000004
IBF                               00000007
IBOV                              00000005
INDF                              00000000
INTCON                            0000000B
INTE                              00000004
INTEDG                            00000006
MPASM 5.57  /HOME/DINUSHA/MPLABXPROJECTS/PIC   12-13-2014  16:32:29         PAGE 10


SYMBOL TABLE
  LABEL                             VALUE 

INTERRUPT                         00000004
INTF                              00000001
IRP                               00000007
MessageOK                         000000C8
NOT_A                             00000005
NOT_ADDRESS                       00000005
NOT_BO                            00000000
NOT_BOR                           00000000
NOT_DONE                          00000002
NOT_PD                            00000003
NOT_POR                           00000001
NOT_RBPU                          00000007
NOT_RC8                           00000006
NOT_T1SYNC                        00000002
NOT_TO                            00000004
NOT_TX8                           00000006
NOT_W                             00000002
NOT_WRITE                         00000002
OBF                               00000006
OERR                              00000001
OPTION_REG                        00000081
P                                 00000004
PCFG0                             00000000
PCFG1                             00000001
PCFG2                             00000002
PCFG3                             00000003
PCL                               00000002
PCLATH                            0000000A
PCON                              0000008E
PEIE                              00000006
PEN                               00000002
PIE1                              0000008C
PIE2                              0000008D
PIR1                              0000000C
PIR2                              0000000D
PORTA                             00000005
PORTB                             00000006
PORTC                             00000007
PORTD                             00000008
PORTE                             00000009
PR2                               00000092
PS0                               00000000
PS1                               00000001
PS2                               00000002
PSA                               00000003
PSPIE                             00000007
PSPIF                             00000007
PSPMODE                           00000004
R                                 00000002
RA0                               00000000
RA1                               00000001
RA2                               00000002
RA3                               00000003
MPASM 5.57  /HOME/DINUSHA/MPLABXPROJECTS/PIC   12-13-2014  16:32:29         PAGE 11


SYMBOL TABLE
  LABEL                             VALUE 

RA4                               00000004
RA5                               00000005
RB0                               00000000
RB1                               00000001
RB2                               00000002
RB3                               00000003
RB4                               00000004
RB5                               00000005
RB6                               00000006
RB7                               00000007
RBIE                              00000003
RBIF                              00000000
RC0                               00000000
RC1                               00000001
RC2                               00000002
RC3                               00000003
RC4                               00000004
RC5                               00000005
RC6                               00000006
RC7                               00000007
RC8_9                             00000006
RC9                               00000006
RCD8                              00000000
RCEN                              00000003
RCIE                              00000005
RCIF                              00000005
RCREG                             0000001A
RCSTA                             00000018
RD                                00000000
RD0                               00000000
RD1                               00000001
RD2                               00000002
RD3                               00000003
RD4                               00000004
RD5                               00000005
RD6                               00000006
RD7                               00000007
RE0                               00000000
RE1                               00000001
RE2                               00000002
READ_WRITE                        00000002
RP0                               00000005
RP1                               00000006
RSEN                              00000001
RX9                               00000006
RX9D                              00000000
R_NOT_W                           00000002
R_W                               00000002
S                                 00000003
SEN                               00000000
SMP                               00000007
SPBRG                             00000099
SPEN                              00000007
MPASM 5.57  /HOME/DINUSHA/MPLABXPROJECTS/PIC   12-13-2014  16:32:29         PAGE 12


SYMBOL TABLE
  LABEL                             VALUE 

SREN                              00000005
SSPADD                            00000093
SSPBUF                            00000013
SSPCON                            00000014
SSPCON2                           00000091
SSPEN                             00000005
SSPIE                             00000003
SSPIF                             00000003
SSPM0                             00000000
SSPM1                             00000001
SSPM2                             00000002
SSPM3                             00000003
SSPOV                             00000006
SSPSTAT                           00000094
STATUS                            00000003
SYNC                              00000004
T0CS                              00000005
T0IE                              00000005
T0IF                              00000002
T0SE                              00000004
T1CKPS0                           00000004
T1CKPS1                           00000005
T1CON                             00000010
T1INSYNC                          00000002
T1OSCEN                           00000003
T1SYNC                            00000002
T2CKPS0                           00000000
T2CKPS1                           00000001
T2CON                             00000012
TMR0                              00000001
TMR0IE                            00000005
TMR0IF                            00000002
TMR1                              0000000E
TMR1CS                            00000001
TMR1H                             0000000F
TMR1IE                            00000000
TMR1IF                            00000000
TMR1L                             0000000E
TMR1ON                            00000000
TMR2                              00000011
TMR2IE                            00000001
TMR2IF                            00000001
TMR2ON                            00000002
TOUTPS0                           00000003
TOUTPS1                           00000004
TOUTPS2                           00000005
TOUTPS3                           00000006
TRISA                             00000085
TRISA0                            00000000
TRISA1                            00000001
TRISA2                            00000002
TRISA3                            00000003
TRISA4                            00000004
MPASM 5.57  /HOME/DINUSHA/MPLABXPROJECTS/PIC   12-13-2014  16:32:29         PAGE 13


SYMBOL TABLE
  LABEL                             VALUE 

TRISA5                            00000005
TRISB                             00000086
TRISB0                            00000000
TRISB1                            00000001
TRISB2                            00000002
TRISB3                            00000003
TRISB4                            00000004
TRISB5                            00000005
TRISB6                            00000006
TRISB7                            00000007
TRISC                             00000087
TRISC0                            00000000
TRISC1                            00000001
TRISC2                            00000002
TRISC3                            00000003
TRISC4                            00000004
TRISC5                            00000005
TRISC6                            00000006
TRISC7                            00000007
TRISD                             00000088
TRISD0                            00000000
TRISD1                            00000001
TRISD2                            00000002
TRISD3                            00000003
TRISD4                            00000004
TRISD5                            00000005
TRISD6                            00000006
TRISD7                            00000007
TRISE                             00000089
TRISE0                            00000000
TRISE1                            00000001
TRISE2                            00000002
TRMT                              00000001
TX8_9                             00000006
TX9                               00000006
TX9D                              00000000
TXD8                              00000000
TXEN                              00000005
TXIE                              00000004
TXIF                              00000004
TXREG                             00000019
TXSTA                             00000098
UA                                00000001
W                                 00000000
WCOL                              00000007
WR                                00000001
WREN                              00000002
WRERR                             00000003
Z                                 00000002
_BODEN_OFF                        00003FBF
_BODEN_ON                         00003FFF
_BOREN_OFF                        00003FBF
_BOREN_ON                         00003FFF
MPASM 5.57  /HOME/DINUSHA/MPLABXPROJECTS/PIC   12-13-2014  16:32:29         PAGE 14


SYMBOL TABLE
  LABEL                             VALUE 

_CONFIG                           00002007
_CPD_OFF                          00003FFF
_CPD_ON                           00003EFF
_CP_ALL                           00001FFF
_CP_OFF                           00003FFF
_CP_ON                            00001FFF
_DEBUG_OFF                        00003FFF
_DEBUG_ON                         000037FF
_DEVID1                           00002006
_FOSC_EXTRC                       00003FFF
_FOSC_HS                          00003FFE
_FOSC_LP                          00003FFC
_FOSC_XT                          00003FFD
_HS_OSC                           00003FFE
_IDLOC0                           00002000
_IDLOC1                           00002001
_IDLOC2                           00002002
_IDLOC3                           00002003
_LP_OSC                           00003FFC
_LVP_OFF                          00003F7F
_LVP_ON                           00003FFF
_MAIN_PROG_003D                   0000003D
_MAIN_PROG_0045                   00000045
_PWRTE_OFF                        00003FFF
_PWRTE_ON                         00003FF7
_RC_OSC                           00003FFF
_WDTE_OFF                         00003FFB
_WDTE_ON                          00003FFF
_WDT_OFF                          00003FFB
_WDT_ON                           00003FFF
_WRT_1FOURTH                      00003BFF
_WRT_256                          00003DFF
_WRT_HALF                         000039FF
_WRT_OFF                          00003FFF
_XT_OSC                           00003FFD
__16F877A                         00000001
count                             00000000
flag                              00000000
free_counter                      00000000
getmessages                       00000053
init                              00000014
loop                              00000009
outmessage                        000000BC
pclath_temp                       00000002
serial_init                       00000027
serial_nl                         0000004A
serial_printmessage               000000BB
serial_rxpoll                     0000003A
serial_txpoll                     00000042
start                             00000000
status_temp                       00000001
w_temp                            00000000

MPASM 5.57  /HOME/DINUSHA/MPLABXPROJECTS/PIC   12-13-2014  16:32:29         PAGE 15





Errors   :     0
Warnings :     0 reported,     0 suppressed
Messages :     7 reported,     0 suppressed

