Warning[205] /home/dinusha/MPLABXProjects/PIC16F877ALEDS.X/delays.asm 1 : Found directive in column 1. (global)
Warning[205] /home/dinusha/MPLABXProjects/PIC16F877ALEDS.X/delays.asm 2 : Found directive in column 1. (global)
Warning[205] /home/dinusha/MPLABXProjects/PIC16F877ALEDS.X/delays.asm 3 : Found directive in column 1. (global)
Warning[205] /home/dinusha/MPLABXProjects/PIC16F877ALEDS.X/delays.asm 8 : Found directive in column 1. (UDATA)
Warning[205] /home/dinusha/MPLABXProjects/PIC16F877ALEDS.X/delays.asm 13 : Found directive in column 1. (CODE)
Warning[203] /home/dinusha/MPLABXProjects/PIC16F877ALEDS.X/delays.asm 16 : Found opcode in column 1. (movlw)
Warning[205] /home/dinusha/MPLABXProjects/PIC16F877ALEDS.X/delays.asm 17 : Found directive in column 1. (banksel)
Warning[203] /home/dinusha/MPLABXProjects/PIC16F877ALEDS.X/delays.asm 18 : Found opcode in column 1. (movwf)
Warning[203] /home/dinusha/MPLABXProjects/PIC16F877ALEDS.X/delays.asm 35 : Found opcode in column 1. (movlw)
Warning[205] /home/dinusha/MPLABXProjects/PIC16F877ALEDS.X/delays.asm 36 : Found directive in column 1. (banksel)
Warning[203] /home/dinusha/MPLABXProjects/PIC16F877ALEDS.X/delays.asm 37 : Found opcode in column 1. (movwf)
Warning[203] /home/dinusha/MPLABXProjects/PIC16F877ALEDS.X/delays.asm 40 : Found opcode in column 1. (movlw)
Warning[205] /home/dinusha/MPLABXProjects/PIC16F877ALEDS.X/delays.asm 41 : Found directive in column 1. (banksel)
Warning[203] /home/dinusha/MPLABXProjects/PIC16F877ALEDS.X/delays.asm 42 : Found opcode in column 1. (movwf)
Warning[205] /home/dinusha/MPLABXProjects/PIC16F877ALEDS.X/delays.asm 55 : Found directive in column 1. (banksel)
Warning[203] /home/dinusha/MPLABXProjects/PIC16F877ALEDS.X/delays.asm 56 : Found opcode in column 1. (decfsz)
Warning[203] /home/dinusha/MPLABXProjects/PIC16F877ALEDS.X/delays.asm 57 : Found opcode in column 1. (goto)
Warning[205] /home/dinusha/MPLABXProjects/PIC16F877ALEDS.X/delays.asm 64 : Found directive in column 1. (banksel)
Warning[203] /home/dinusha/MPLABXProjects/PIC16F877ALEDS.X/delays.asm 65 : Found opcode in column 1. (movwf)
Warning[203] /home/dinusha/MPLABXProjects/PIC16F877ALEDS.X/delays.asm 68 : Found opcode in column 1. (movlw)
Warning[205] /home/dinusha/MPLABXProjects/PIC16F877ALEDS.X/delays.asm 69 : Found directive in column 1. (banksel)
Warning[203] /home/dinusha/MPLABXProjects/PIC16F877ALEDS.X/delays.asm 70 : Found opcode in column 1. (movwf)
Warning[205] /home/dinusha/MPLABXProjects/PIC16F877ALEDS.X/delays.asm 83 : Found directive in column 1. (banksel)
Warning[203] /home/dinusha/MPLABXProjects/PIC16F877ALEDS.X/delays.asm 84 : Found opcode in column 1. (decfsz)
Warning[203] /home/dinusha/MPLABXProjects/PIC16F877ALEDS.X/delays.asm 85 : Found opcode in column 1. (goto)
Warning[205] /home/dinusha/MPLABXProjects/PIC16F877ALEDS.X/delays.asm 90 : Found directive in column 1. (END)
