MPASM 5.57  /HOME/DINUSHA/MPLABXPROJECTS/P16   12-25-2014  15:02:22         PAGE  1


LOC  OBJECT CODE     LINE SOURCE TEXT
  VALUE

                      00001 ; Templates location /usr/local/microchip/mplabx/mpasmx/templates/Object
                      00002 ;**********************************************************************
                      00003 ;   This file is a basic code template for object module code         *
                      00004 ;   generation on the PIC16F877A. This file contains the              *
                      00005 ;   basic code building blocks to build upon.                         *
                      00006 ;                                                                     *
                      00007 ;   Refer to the MPASM User's Guide for additional information on     *
                      00008 ;   features of the assembler and linker (Document DS33014).          *
                      00009 ;                                                                     *
                      00010 ;   Refer to the respective PIC data sheet for additional             *
                      00011 ;   information on the instruction set.                               *
                      00012 ;                                                                     *
                      00013 ;**********************************************************************
                      00014 ;                                                                     *
                      00015 ;    Filename:      xxx.asm                                           *
                      00016 ;    Date:                                                            *
                      00017 ;    File Version:                                                    *
                      00018 ;                                                                     *
                      00019 ;    Author:                                                          *
                      00020 ;    Company:                                                         *
                      00021 ;                                                                     *
                      00022 ;                                                                     *
                      00023 ;**********************************************************************
                      00024 ;                                                                     *
                      00025 ;    Files required: P16F877A.INC                                     *
                      00026 ;                                                                     *
                      00027 ;                                                                     *
                      00028 ;                                                                     *
                      00029 ;**********************************************************************
                      00030 ;                                                                     *
                      00031 ;    Notes:                                                           *
                      00032 ;                                                                     *
                      00033 ;                                                                     *
                      00034 ;                                                                     *
                      00035 ;                                                                     *
                      00036 ;**********************************************************************
                      00037 
                      00038 
                      00039     list        p=16f877a   ; list directive to define processor
                      00040     #include    <p16f877a.inc>  ; processor specific variable definitions
                      00001         LIST
                      00002 
                      00003 ;==========================================================================
                      00004 ; Build date : May 28 2014
                      00005 ;  MPASM PIC16F877A processor include
                      00006 ; 
                      00007 ;  (c) Copyright 1999-2014 Microchip Technology, All rights reserved
                      00008 ;==========================================================================
                      00009 
                      00567         LIST
                      00041     #include    "macros.inc"
                      00001 ;************* Macros ****************
                      00002 BANK0 MACRO
MPASM 5.57  /HOME/DINUSHA/MPLABXPROJECTS/P16   12-25-2014  15:02:22         PAGE  2


LOC  OBJECT CODE     LINE SOURCE TEXT
  VALUE

                      00003     bcf STATUS, RP0
                      00004     bcf STATUS, RP1
                      00005     ENDM
                      00006 
                      00007 BANK1 MACRO
                      00008     bsf STATUS, RP0
                      00009     bcf STATUS, RP1
                      00010     ENDM
                      00011 
                      00012 BANK2 MACRO
                      00013     bcf STATUS, RP0
                      00014     bsf STATUS, RP1
                      00015     ENDM
                      00016 
                      00017 BANK3 MACRO
                      00018     bsf STATUS, RP0
                      00019     bsf STATUS, RP1
                      00020     ENDM
                      00021 ;*************************************
                      00042 
                      00043     ;__CONFIG _CP_OFF & _WDT_OFF & _BODEN_OFF & _PWRTE_ON & _RC_OSC & _WRT_OFF & _LVP_ON & _CPD_OFF
2007   3F32           00044     __CONFIG  _FOSC_HS & _WRT_OFF & _LVP_OFF & _CPD_OFF & _CP_OFF & _WDT_OFF & _BODEN_OFF & _PWRTE_ON
                      00045 
Warning[205]: Found directive in column 1. (extern)
  0000                00046 extern dht22_init
Warning[205]: Found directive in column 1. (extern)
  0000                00047 extern dht22_start
Warning[205]: Found directive in column 1. (extern)
  0000                00048 extern dht22_rbyte
                      00049 
Warning[205]: Found directive in column 1. (extern)
  0000                00050 extern ds18b20_init
Warning[205]: Found directive in column 1. (extern)
  0000                00051 extern ds18b20_wbyte
Warning[205]: Found directive in column 1. (extern)
  0000                00052 extern ds18b20_rbyte
                      00053 ;extern ds18b20_start
                      00054 
                      00055 ; '__CONFIG' directive is used to embed configuration data within .asm file.
                      00056 ; The labels following the directive are located in the respective .inc file.
                      00057 ; See respective data sheet for additional information on configuration word.
                      00058 
                      00059 
                      00060 
                      00061 ;***** VARIABLE DEFINITIONS (examples)
                      00062 
                      00063 ; example of using Shared Uninitialized Data Section
                      00064 INT_VAR     UDATA_SHR
0000                  00065 w_temp      RES     1       ; variable used for context saving
0001                  00066 status_temp RES     1       ; variable used for context saving
0002                  00067 pclath_temp RES     1       ; variable used for context saving
                      00068 
                      00069 ; example of using Uninitialized Data Section
MPASM 5.57  /HOME/DINUSHA/MPLABXPROJECTS/P16   12-25-2014  15:02:22         PAGE  3


LOC  OBJECT CODE     LINE SOURCE TEXT
  VALUE

                      00070 TEMP_VAR    UDATA           ; explicit address specified is not required
0000                  00071 free_counter RES    1
                      00072 
                      00073 ; example of using Overlayed Uninitialized Data Section
                      00074 ; in this example both variables are assigned the same GPR location by linker
                      00075 G_DATA      UDATA_OVR       ; explicit address can be specified
0000                  00076 flag        RES 2           ; temporary variable (shared locations - G_DATA)
                      00077 
                      00078 G_DATA      UDATA_OVR
0000                  00079 count       RES 2           ; temporary variable (shared locations - G_DATA)
                      00080 
                      00081 ;**********************************************************************
                      00082 RESET_VECTOR    CODE    0x0000 ; processor reset vector
0000   0000           00083     nop                        ; nop for icd
0001   ???? ????      00084     pagesel start
0003   2???           00085     goto    start              ; go to beginning of program
                      00086 
                      00087 
                      00088 INT_VECTOR      CODE    0x0004 ; interrupt vector location
                      00089 
0004                  00090 INTERRUPT
                      00091 
0004   00??           00092     movwf   w_temp          ; save off current W register contents
0005   0803           00093     movf    STATUS,w        ; move status register into W register
0006   00??           00094     movwf   status_temp     ; save off contents of STATUS register
0007   080A           00095     movf    PCLATH,w        ; move pclath register into w register
0008   00??           00096     movwf   pclath_temp     ; save off contents of PCLATH register
                      00097 
                      00098 
0009   1283 1303      00099     banksel INTCON
000B   110B           00100     bcf     INTCON, TMR0IF
                      00101 
000C   08??           00102     movf    pclath_temp,w   ; retrieve copy of PCLATH register
000D   008A           00103     movwf   PCLATH          ; restore pre-isr PCLATH register contents
000E   08??           00104     movf    status_temp,w   ; retrieve copy of STATUS register
000F   0083           00105     movwf   STATUS          ; restore pre-isr STATUS register contents
0010   0E??           00106     swapf   w_temp,f
0011   0E??           00107     swapf   w_temp,w        ; restore pre-isr W register contents
                      00108 
0012   0009           00109     retfie                  ; return from interrupt
                      00110 
                      00111 MAIN_PROG       CODE
                      00112 
                      00113 
0000                  00114 start
0000   ???? ????      00115     pagesel init
0002   2???           00116     call    init
                      00117 
0003   ???? ????      00118     banksel free_counter
0005   01??           00119     clrf    free_counter
                      00120 
0006   ???? ????      00121     pagesel serial_init
0008   2???           00122     call    serial_init
MPASM 5.57  /HOME/DINUSHA/MPLABXPROJECTS/P16   12-25-2014  15:02:22         PAGE  4


LOC  OBJECT CODE     LINE SOURCE TEXT
  VALUE

                      00123 
0009   ???? ????      00124     pagesel dht22_init
000B   2???           00125     call    dht22_init
                      00126     ;pagesel  ds18b20_init
                      00127     ;call     ds18b20_init
                      00128 
                      00129     ;movlw   0x33
                      00130     ;pagesel ds18b20_wbyte
                      00131     ;call    ds18b20_wbyte
                      00132 
                      00133     ;movlw   0xCC
                      00134     ;pagesel ds18b20_wbyte
                      00135     ;call    ds18b20_wbyte
                      00136 
                      00137     ;movlw   0xBE
                      00138     ;pagesel ds18b20_wbyte
                      00139     ;call    ds18b20_wbyte
                      00140 
                      00141     ;pagesel ds18b20_rbyte
                      00142     ;call    ds18b20_rbyte
                      00143 
000C   ???? ????      00144     pagesel dht22_start
000E   2???           00145     call    dht22_start
                      00146 
000F   ???? ????      00147     pagesel dht22_rbyte
0011   2???           00148     call    dht22_rbyte
                      00149 
0012   ???? ????      00150     pagesel dht22_rbyte
0014   2???           00151     call    dht22_rbyte
                      00152 
0015   ???? ????      00153     pagesel dht22_rbyte
0017   2???           00154     call    dht22_rbyte
                      00155 
0018   ???? ????      00156     pagesel dht22_rbyte
001A   2???           00157     call    dht22_rbyte
                      00158 
001B                  00159 loop
                      00160     ;movlw   'P'
                      00161     ;pagesel serial_txpoll
                      00162     ;call    serial_txpoll
                      00163 
                      00164     ;pagesel ds18b20_rbyte
                      00165     ;call    ds18b20_rbyte
                      00166     ;pagesel serial_txpoll
                      00167     ;call    serial_txpoll
                      00168 
                      00169     ;movlw   'X'
                      00170     ;pagesel serial_txpoll
                      00171     ;call    serial_txpoll
                      00172 
                      00173     ;movlw   0x0
                      00174     ;pagesel outmessage
                      00175     ;call    outmessage
MPASM 5.57  /HOME/DINUSHA/MPLABXPROJECTS/P16   12-25-2014  15:02:22         PAGE  5


LOC  OBJECT CODE     LINE SOURCE TEXT
  VALUE

                      00176 
                      00177     ;movlw   .255
                      00178     ;addlw   0x30
001B   ???? ????      00179     pagesel serial_txpoll
001D   2???           00180     call    serial_txpoll
                      00181 
001E   1283 1303      00182     banksel PORTB
0020   1506           00183     bsf     PORTB, RB2
                      00184 
0021   2???           00185     goto    loop
                      00186     ;goto $
                      00187 
0022                  00188 init
                      00189     ;Shutting down ADC
                      00190     ;Switching to Bank0
                      00191     BANK0
0022   1283               M     bcf STATUS, RP0
0023   1303               M     bcf STATUS, RP1
                      00192 
0024   0186           00193     clrf    PORTB
                      00194 
0025   3000           00195     movlw   0x00
0026   009F           00196     movwf   ADCON0
                      00197 
                      00198     ;Switching to Bank 1
                      00199     BANK1
0027   1683               M     bsf STATUS, RP0
0028   1303               M     bcf STATUS, RP1
                      00200 
0029   3006           00201     movlw   0x06
Message[302]: Register in operand not in bank 0.  Ensure that bank bits are correct.
002A   009F           00202     movwf   ADCON1
                      00203 
                      00204     ;Setting TRISB
                      00205     ;movlw   0x00
                      00206     ;movwf   TRISB
Message[302]: Register in operand not in bank 0.  Ensure that bank bits are correct.
002B   1106           00207     bcf     TRISB, RB2
                      00208 
                      00209     ;Enabling TMR0 interrupts
                      00210     ;movlw   0x00
                      00211     ;movwf   OPTION_REG          ;1:2 => (200ns*2) * 256 = 100us
                      00212 
                      00213     ;movlw   0xA0
                      00214     ;movwf   INTCON
                      00215 
                      00216     ;Switching to Bank 0
                      00217     BANK0
002C   1283               M     bcf STATUS, RP0
002D   1303               M     bcf STATUS, RP1
                      00218 
002E   0181           00219     clrf    TMR0
002F   0008           00220     return
MPASM 5.57  /HOME/DINUSHA/MPLABXPROJECTS/P16   12-25-2014  15:02:22         PAGE  6


LOC  OBJECT CODE     LINE SOURCE TEXT
  VALUE

                      00221 
0030                  00222 serial_init
                      00223     BANK1
0030   1683               M     bsf STATUS, RP0
0031   1303               M     bcf STATUS, RP1
Message[302]: Register in operand not in bank 0.  Ensure that bank bits are correct.
0032   1787           00224     bsf TRISC, RC7
Message[302]: Register in operand not in bank 0.  Ensure that bank bits are correct.
0033   1307           00225     bcf TRISC, RC6
                      00226 
                      00227     ;Clearing out TX and RX registers
                      00228     BANK0
0034   1283               M     bcf STATUS, RP0
0035   1303               M     bcf STATUS, RP1
0036   0199           00229     clrf    TXREG
0037   019A           00230     clrf    RCREG
                      00231 
                      00232     ;Setting baud rate of 19200bps -> 15
                      00233     BANK1
0038   1683               M     bsf STATUS, RP0
0039   1303               M     bcf STATUS, RP1
003A   3040           00234     movlw   0x40
Message[302]: Register in operand not in bank 0.  Ensure that bank bits are correct.
003B   0099           00235     movwf   SPBRG
                      00236 
                      00237     ;Transmission Mode, Asynchronous Mode, 8N1 format
003C   3024           00238         movlw   b'00100100'
Message[302]: Register in operand not in bank 0.  Ensure that bank bits are correct.
003D   0098           00239         movwf   TXSTA
                      00240 
                      00241     ;USART enabled with async mode
                      00242     BANK0
003E   1283               M     bcf STATUS, RP0
003F   1303               M     bcf STATUS, RP1
0040   3090           00243     movlw   b'10010000'
0041   0098           00244     movwf   RCSTA
                      00245 
0042   0008           00246     return
                      00247 
0043                  00248 serial_rxpoll
0043   1283 1303      00249     banksel PIR1
0045   1E8C           00250     btfss   PIR1, RCIF
0046   2???           00251     goto    $-1
                      00252 
0047   1283 1303      00253     banksel RCREG
0049   081A           00254     movf    RCREG, w
                      00255 
004A   0008           00256     return
                      00257 
004B                  00258 serial_txpoll
004B   1283 1303      00259     banksel PIR1
004D   1E0C           00260     btfss   PIR1, TXIF
004E   2???           00261     goto    $-1
MPASM 5.57  /HOME/DINUSHA/MPLABXPROJECTS/P16   12-25-2014  15:02:22         PAGE  7


LOC  OBJECT CODE     LINE SOURCE TEXT
  VALUE

                      00262 
004F   1283 1303      00263     banksel TXREG
0051   0099           00264     movwf   TXREG
                      00265 
0052   0008           00266     return
                      00267 
0053                  00268 serial_nl
0053   300D           00269     movlw   0x0D
0054   ???? ????      00270     pagesel serial_txpoll
0056   2???           00271     call    serial_txpoll
0057   300A           00272     movlw   0x0A
0058   ???? ????      00273     pagesel serial_txpoll
005A   2???           00274     call    serial_txpoll
                      00275 
005B   0008           00276     return
                      00277 
005C                  00278 getmessages
005C   0782           00279         addwf   PCL, f
                      00280         ;dt     "Test Message", 0
                      00281         ;dt     "Test Message2", 0
005D   342D 342D 342D 00282         dt "-------------------------------------------", 0x0D, 0x0A
       342D 342D 342D 
       342D 342D 342D 
       342D 342D 342D 
       342D 342D 342D 
       342D 342D 342D 
       342D 342D 342D 
       342D 342D 342D 
       342D 342D 342D 
       342D 342D 342D 
       342D 342D 342D 
       342D 342D 342D 
       342D 342D 342D 
       342D 342D 342D 
       342D 340D 340A 
008A   3454 3465 3473 00283         dt "Test Message", 0x0D, 0x0A
       3474 3420 344D 
       3465 3473 3473 
       3461 3467 3465 
       340D 340A 
0098   342D 342D 342D 00284         dt "-------------------------------------------", 0
       342D 342D 342D 
       342D 342D 342D 
       342D 342D 342D 
       342D 342D 342D 
       342D 342D 342D 
       342D 342D 342D 
       342D 342D 342D 
       342D 342D 342D 
       342D 342D 342D 
       342D 342D 342D 
       342D 342D 342D 
       342D 342D 342D 
MPASM 5.57  /HOME/DINUSHA/MPLABXPROJECTS/P16   12-25-2014  15:02:22         PAGE  8


LOC  OBJECT CODE     LINE SOURCE TEXT
  VALUE

       342D 342D 342D 
       342D 3400 
                      00285         ;return
                      00286 
00C4                  00287 serial_printmessage
00C4   0084           00288         movwf   FSR
                      00289 
00C5                  00290 outmessage
00C5   0804           00291         movf    FSR, w
00C6   0A84           00292         incf    FSR, f
00C7   ???? ????      00293     pagesel getmessages
00C9   2???           00294         call    getmessages
00CA   3A00           00295         xorlw   0
00CB   1903           00296         btfsc   STATUS, Z
00CC   0008           00297         return
00CD   ???? ????      00298     pagesel serial_txpoll
00CF   2???           00299     call    serial_txpoll
00D0   2???           00300         goto    outmessage
                      00301 
00D1                  00302 MessageOK:
00D1   344F 344B 340D 00303     dt  "OK", 0xd, 0xa
       340A 
3F32                  00304     END                       ; directive 'end of program'
MPASM 5.57  /HOME/DINUSHA/MPLABXPROJECTS/P16   12-25-2014  15:02:22         PAGE  9


SYMBOL TABLE
  LABEL                             VALUE 

ACKDT                             00000005
ACKEN                             00000004
ACKSTAT                           00000006
ADCON0                            0000001F
ADCON1                            0000009F
ADCS0                             00000006
ADCS1                             00000007
ADCS2                             00000006
ADDEN                             00000003
ADFM                              00000007
ADIE                              00000006
ADIF                              00000006
ADON                              00000000
ADRESH                            0000001E
ADRESL                            0000009E
BANK0                             
BANK1                             
BANK2                             
BANK3                             
BCLIE                             00000003
BCLIF                             00000003
BF                                00000000
BRGH                              00000002
C                                 00000000
C1INV                             00000004
C1OUT                             00000006
C2INV                             00000005
C2OUT                             00000007
CCP1CON                           00000017
CCP1IE                            00000002
CCP1IF                            00000002
CCP1M0                            00000000
CCP1M1                            00000001
CCP1M2                            00000002
CCP1M3                            00000003
CCP1X                             00000005
CCP1Y                             00000004
CCP2CON                           0000001D
CCP2IE                            00000000
CCP2IF                            00000000
CCP2M0                            00000000
CCP2M1                            00000001
CCP2M2                            00000002
CCP2M3                            00000003
CCP2X                             00000005
CCP2Y                             00000004
CCPR1                             00000015
CCPR1H                            00000016
CCPR1L                            00000015
CCPR2                             0000001B
CCPR2H                            0000001C
CCPR2L                            0000001B
CHS0                              00000003
MPASM 5.57  /HOME/DINUSHA/MPLABXPROJECTS/P16   12-25-2014  15:02:22         PAGE 10


SYMBOL TABLE
  LABEL                             VALUE 

CHS1                              00000004
CHS2                              00000005
CIS                               00000003
CKE                               00000006
CKP                               00000004
CM0                               00000000
CM1                               00000001
CM2                               00000002
CMCON                             0000009C
CMIE                              00000006
CMIF                              00000006
CREN                              00000004
CSRC                              00000007
CVR0                              00000000
CVR1                              00000001
CVR2                              00000002
CVR3                              00000003
CVRCON                            0000009D
CVREN                             00000007
CVROE                             00000006
CVRR                              00000005
D                                 00000005
DATA_ADDRESS                      00000005
DC                                00000001
D_A                               00000005
D_NOT_A                           00000005
EEADR                             0000010D
EEADRH                            0000010F
EECON1                            0000018C
EECON2                            0000018D
EEDATA                            0000010C
EEDATH                            0000010E
EEIE                              00000004
EEIF                              00000004
EEPGD                             00000007
F                                 00000001
FERR                              00000002
FSR                               00000004
GCEN                              00000007
GIE                               00000007
GO                                00000002
GO_DONE                           00000002
GO_NOT_DONE                       00000002
I2C_DATA                          00000005
I2C_READ                          00000002
I2C_START                         00000003
I2C_STOP                          00000004
IBF                               00000007
IBOV                              00000005
INDF                              00000000
INTCON                            0000000B
INTE                              00000004
INTEDG                            00000006
MPASM 5.57  /HOME/DINUSHA/MPLABXPROJECTS/P16   12-25-2014  15:02:22         PAGE 11


SYMBOL TABLE
  LABEL                             VALUE 

INTERRUPT                         00000004
INTF                              00000001
IRP                               00000007
MessageOK                         000000D1
NOT_A                             00000005
NOT_ADDRESS                       00000005
NOT_BO                            00000000
NOT_BOR                           00000000
NOT_DONE                          00000002
NOT_PD                            00000003
NOT_POR                           00000001
NOT_RBPU                          00000007
NOT_RC8                           00000006
NOT_T1SYNC                        00000002
NOT_TO                            00000004
NOT_TX8                           00000006
NOT_W                             00000002
NOT_WRITE                         00000002
OBF                               00000006
OERR                              00000001
OPTION_REG                        00000081
P                                 00000004
PCFG0                             00000000
PCFG1                             00000001
PCFG2                             00000002
PCFG3                             00000003
PCL                               00000002
PCLATH                            0000000A
PCON                              0000008E
PEIE                              00000006
PEN                               00000002
PIE1                              0000008C
PIE2                              0000008D
PIR1                              0000000C
PIR2                              0000000D
PORTA                             00000005
PORTB                             00000006
PORTC                             00000007
PORTD                             00000008
PORTE                             00000009
PR2                               00000092
PS0                               00000000
PS1                               00000001
PS2                               00000002
PSA                               00000003
PSPIE                             00000007
PSPIF                             00000007
PSPMODE                           00000004
R                                 00000002
RA0                               00000000
RA1                               00000001
RA2                               00000002
RA3                               00000003
MPASM 5.57  /HOME/DINUSHA/MPLABXPROJECTS/P16   12-25-2014  15:02:22         PAGE 12


SYMBOL TABLE
  LABEL                             VALUE 

RA4                               00000004
RA5                               00000005
RB0                               00000000
RB1                               00000001
RB2                               00000002
RB3                               00000003
RB4                               00000004
RB5                               00000005
RB6                               00000006
RB7                               00000007
RBIE                              00000003
RBIF                              00000000
RC0                               00000000
RC1                               00000001
RC2                               00000002
RC3                               00000003
RC4                               00000004
RC5                               00000005
RC6                               00000006
RC7                               00000007
RC8_9                             00000006
RC9                               00000006
RCD8                              00000000
RCEN                              00000003
RCIE                              00000005
RCIF                              00000005
RCREG                             0000001A
RCSTA                             00000018
RD                                00000000
RD0                               00000000
RD1                               00000001
RD2                               00000002
RD3                               00000003
RD4                               00000004
RD5                               00000005
RD6                               00000006
RD7                               00000007
RE0                               00000000
RE1                               00000001
RE2                               00000002
READ_WRITE                        00000002
RP0                               00000005
RP1                               00000006
RSEN                              00000001
RX9                               00000006
RX9D                              00000000
R_NOT_W                           00000002
R_W                               00000002
S                                 00000003
SEN                               00000000
SMP                               00000007
SPBRG                             00000099
SPEN                              00000007
MPASM 5.57  /HOME/DINUSHA/MPLABXPROJECTS/P16   12-25-2014  15:02:22         PAGE 13


SYMBOL TABLE
  LABEL                             VALUE 

SREN                              00000005
SSPADD                            00000093
SSPBUF                            00000013
SSPCON                            00000014
SSPCON2                           00000091
SSPEN                             00000005
SSPIE                             00000003
SSPIF                             00000003
SSPM0                             00000000
SSPM1                             00000001
SSPM2                             00000002
SSPM3                             00000003
SSPOV                             00000006
SSPSTAT                           00000094
STATUS                            00000003
SYNC                              00000004
T0CS                              00000005
T0IE                              00000005
T0IF                              00000002
T0SE                              00000004
T1CKPS0                           00000004
T1CKPS1                           00000005
T1CON                             00000010
T1INSYNC                          00000002
T1OSCEN                           00000003
T1SYNC                            00000002
T2CKPS0                           00000000
T2CKPS1                           00000001
T2CON                             00000012
TMR0                              00000001
TMR0IE                            00000005
TMR0IF                            00000002
TMR1                              0000000E
TMR1CS                            00000001
TMR1H                             0000000F
TMR1IE                            00000000
TMR1IF                            00000000
TMR1L                             0000000E
TMR1ON                            00000000
TMR2                              00000011
TMR2IE                            00000001
TMR2IF                            00000001
TMR2ON                            00000002
TOUTPS0                           00000003
TOUTPS1                           00000004
TOUTPS2                           00000005
TOUTPS3                           00000006
TRISA                             00000085
TRISA0                            00000000
TRISA1                            00000001
TRISA2                            00000002
TRISA3                            00000003
TRISA4                            00000004
MPASM 5.57  /HOME/DINUSHA/MPLABXPROJECTS/P16   12-25-2014  15:02:22         PAGE 14


SYMBOL TABLE
  LABEL                             VALUE 

TRISA5                            00000005
TRISB                             00000086
TRISB0                            00000000
TRISB1                            00000001
TRISB2                            00000002
TRISB3                            00000003
TRISB4                            00000004
TRISB5                            00000005
TRISB6                            00000006
TRISB7                            00000007
TRISC                             00000087
TRISC0                            00000000
TRISC1                            00000001
TRISC2                            00000002
TRISC3                            00000003
TRISC4                            00000004
TRISC5                            00000005
TRISC6                            00000006
TRISC7                            00000007
TRISD                             00000088
TRISD0                            00000000
TRISD1                            00000001
TRISD2                            00000002
TRISD3                            00000003
TRISD4                            00000004
TRISD5                            00000005
TRISD6                            00000006
TRISD7                            00000007
TRISE                             00000089
TRISE0                            00000000
TRISE1                            00000001
TRISE2                            00000002
TRMT                              00000001
TX8_9                             00000006
TX9                               00000006
TX9D                              00000000
TXD8                              00000000
TXEN                              00000005
TXIE                              00000004
TXIF                              00000004
TXREG                             00000019
TXSTA                             00000098
UA                                00000001
W                                 00000000
WCOL                              00000007
WR                                00000001
WREN                              00000002
WRERR                             00000003
Z                                 00000002
_BODEN_OFF                        00003FBF
_BODEN_ON                         00003FFF
_BOREN_OFF                        00003FBF
_BOREN_ON                         00003FFF
MPASM 5.57  /HOME/DINUSHA/MPLABXPROJECTS/P16   12-25-2014  15:02:22         PAGE 15


SYMBOL TABLE
  LABEL                             VALUE 

_CONFIG                           00002007
_CPD_OFF                          00003FFF
_CPD_ON                           00003EFF
_CP_ALL                           00001FFF
_CP_OFF                           00003FFF
_CP_ON                            00001FFF
_DEBUG_OFF                        00003FFF
_DEBUG_ON                         000037FF
_DEVID1                           00002006
_FOSC_EXTRC                       00003FFF
_FOSC_HS                          00003FFE
_FOSC_LP                          00003FFC
_FOSC_XT                          00003FFD
_HS_OSC                           00003FFE
_IDLOC0                           00002000
_IDLOC1                           00002001
_IDLOC2                           00002002
_IDLOC3                           00002003
_LP_OSC                           00003FFC
_LVP_OFF                          00003F7F
_LVP_ON                           00003FFF
_MAIN_PROG_0046                   00000046
_MAIN_PROG_004E                   0000004E
_PWRTE_OFF                        00003FFF
_PWRTE_ON                         00003FF7
_RC_OSC                           00003FFF
_WDTE_OFF                         00003FFB
_WDTE_ON                          00003FFF
_WDT_OFF                          00003FFB
_WDT_ON                           00003FFF
_WRT_1FOURTH                      00003BFF
_WRT_256                          00003DFF
_WRT_HALF                         000039FF
_WRT_OFF                          00003FFF
_XT_OSC                           00003FFD
__16F877A                         00000001
count                             00000000
dht22_init                        00000000
dht22_rbyte                       00000000
dht22_start                       00000000
ds18b20_init                      00000000
ds18b20_rbyte                     00000000
ds18b20_wbyte                     00000000
flag                              00000000
free_counter                      00000000
getmessages                       0000005C
init                              00000022
loop                              0000001B
outmessage                        000000C5
pclath_temp                       00000002
serial_init                       00000030
serial_nl                         00000053
serial_printmessage               000000C4
MPASM 5.57  /HOME/DINUSHA/MPLABXPROJECTS/P16   12-25-2014  15:02:22         PAGE 16


SYMBOL TABLE
  LABEL                             VALUE 

serial_rxpoll                     00000043
serial_txpoll                     0000004B
start                             00000000
status_temp                       00000001
w_temp                            00000000

Errors   :     0
Warnings :     6 reported,     0 suppressed
Messages :     6 reported,     0 suppressed

