MPASM 5.57  /HOME/DINUSHA/MPLABXPROJECTS/PIC   11-29-2014  11:02:34         PAGE  1


LOC  OBJECT CODE     LINE SOURCE TEXT
  VALUE

                      00001 #include    <p16f877a.inc>  ; processor specific variable definitions
                      00001         LIST
                      00002 
                      00003 ;==========================================================================
                      00004 ; Build date : May 28 2014
                      00005 ;  MPASM PIC16F877A processor include
                      00006 ; 
                      00007 ;  (c) Copyright 1999-2014 Microchip Technology, All rights reserved
                      00008 ;==========================================================================
                      00009 
                      00567         LIST
                      00002 
                      00003 #define DEVICE_ADDRESS 0x0A     ; Real Address is 0x5 = 0xA/2
                      00004 
Warning[205]: Found directive in column 1. (global)
  0000                00005 global i2c_slave_init
Warning[205]: Found directive in column 1. (global)
  0000                00006 global i2c_handler
Warning[205]: Found directive in column 1. (global)
  0000                00007 global ssp_buffer
                      00008 
Warning[205]: Found directive in column 1. (UDATA)
                      00009 UDATA
0000                  00010 ssp_buffer  RES 8                   ; Buffer for transactions
0008                  00011 temp    RES 1
                      00012 
Warning[205]: Found directive in column 1. (CODE)
                      00013 CODE
                      00014 
0000                  00015 i2c_slave_init
                      00016      ;Switching to Bank0
0000   1283           00017     bcf     STATUS, RP0
0001   1303           00018     bcf     STATUS, RP1
                      00019 
                      00020     ;clrf    PORTC
0002   1187           00021     bcf     PORTC, RC3
0003   1207           00022     bcf     PORTC, RC4
                      00023 
                      00024     ;movlw   0x00
                      00025     ;movwf   ADCON0
                      00026 
                      00027     ;movlw   0x00
                      00028     ;movwf   PORTB
                      00029 
                      00030     ;Switching to Bank 1
0004   1683           00031     bsf     STATUS, RP0
                      00032 
                      00033     ;movlw   0x06
                      00034     ;movwf   ADCON1
                      00035 
                      00036     ;Setting TRISC
Message[302]: Register in operand not in bank 0.  Ensure that bank bits are correct.
0005   1587           00037     bsf   TRISC, RC3
MPASM 5.57  /HOME/DINUSHA/MPLABXPROJECTS/PIC   11-29-2014  11:02:34         PAGE  2


LOC  OBJECT CODE     LINE SOURCE TEXT
  VALUE

Message[302]: Register in operand not in bank 0.  Ensure that bank bits are correct.
0006   1607           00038     bsf   TRISC, RC4
                      00039 
Message[302]: Register in operand not in bank 0.  Ensure that bank bits are correct.
0007   1794           00040     bsf   SSPSTAT, SMP
Message[302]: Register in operand not in bank 0.  Ensure that bank bits are correct.
0008   1314           00041     bcf   SSPSTAT, CKE
                      00042 
0009   300A           00043     movlw   DEVICE_ADDRESS
Message[302]: Register in operand not in bank 0.  Ensure that bank bits are correct.
000A   0093           00044     movwf   SSPADD
                      00045 
Message[302]: Register in operand not in bank 0.  Ensure that bank bits are correct.
000B   0191           00046     clrf    SSPCON2
                      00047 
Message[302]: Register in operand not in bank 0.  Ensure that bank bits are correct.
000C   158C           00048     bsf     PIE1, SSPIE         ; Enabling SSP interrupts
000D   170B           00049     bsf     INTCON, PEIE        ; Enabling peripheral interrupts
000E   178B           00050     bsf     INTCON, GIE         ; Enabling global interrupts
                      00051 
                      00052     ;Switching to Bank 0
000F   1283           00053     bcf STATUS, RP0
                      00054 
0010   0194           00055     clrf    SSPCON
                      00056 
0011   3006           00057     movlw   0x06
0012   0094           00058     movwf   SSPCON
                      00059 
0013   1694           00060     bsf     SSPCON, SSPEN
0014   1614           00061     bsf     SSPCON, CKP
                      00062 
0015   1683 1303      00063     banksel PIE1
Message[302]: Register in operand not in bank 0.  Ensure that bank bits are correct.
0017   158C           00064     bsf     PIE1, SSPIE
0018   170B           00065     bsf     INTCON, PEIE
                      00066     ;bsf     INTCON, GIE
                      00067 
0019   ???? ????      00068     banksel ssp_buffer
001B   01??           00069     clrf    ssp_buffer
                      00070 
001C   0008           00071     return
                      00072 
                      00073 ;---------------------------------------------------------------------
                      00074 ; The I2C code below checks for 5 states:
                      00075 ;---------------------------------------------------------------------
                      00076 ; State 1: I2C write operation, last byte was an address byte.
                      00077 ; SSPSTAT bits: S = 1, D_A = 0, R_W = 0, BF = 1
                      00078 ;
                      00079 ; State 2: I2C write operation, last byte was a data byte.
                      00080 ; SSPSTAT bits: S = 1, D_A = 1, R_W = 0, BF = 1
                      00081 ;
                      00082 ; State 3: I2C read operation, last byte was an address byte.
                      00083 ; SSPSTAT bits:
MPASM 5.57  /HOME/DINUSHA/MPLABXPROJECTS/PIC   11-29-2014  11:02:34         PAGE  3


LOC  OBJECT CODE     LINE SOURCE TEXT
  VALUE

                      00084 ; S = 1, D_A = 0, R_W = 1 (see Appendix C for more information)
                      00085 ;
                      00086 ; State 4: I2C read operation, last byte was a data byte.
                      00087 ; SSPSTAT bits: S = 1, D_A = 1, R_W = 1, BF = 0
                      00088 ;
                      00089 ; State 5: Slave I2C logic reset by NACK from master.
                      00090 ; SSPSTAT bits:
                      00091 ; S = 1, D_A = 1, BF = 0, CKP = 1 (see Appendix C for more information)
                      00092 ;
                      00093 ; For convenience, WriteI2C and ReadI2C functions have been used.
                      00094 ;----------------------------------------------------------------------
                      00095 
                      00096 
001D                  00097 i2c_handler
001D   1683 1303      00098     banksel SSPSTAT
Message[302]: Register in operand not in bank 0.  Ensure that bank bits are correct.
001F   0814           00099     movf    SSPSTAT, w
0020   392D           00100     andlw   b'00101101'
0021   ???? ????      00101     banksel temp
0023   00??           00102     movwf   temp
                      00103 
0024                  00104 state1:
0024   3009           00105     movlw   b'00001001'
0025   06??           00106     xorwf   temp, w
0026   1D03           00107     btfss   STATUS, Z
0027   2???           00108     goto    state2
0028   1283 1303      00109     banksel SSPBUF
002A   0813           00110     movf    SSPBUF, w               ; Do a dummy reading of the SSPBUF
002B   ???? ????      00111     banksel ssp_buffer
002D   01??           00112     clrf   ssp_buffer
002E   0008           00113     return
                      00114 
002F                  00115 state2:
002F   3029           00116     movlw   b'00101001'
0030   06??           00117     xorwf   temp, w
0031   1D03           00118     btfss   STATUS, Z
0032   2???           00119     goto    state3
0033   1283 1303      00120     banksel SSPBUF
0035   0813           00121     movf    SSPBUF, w
0036   ???? ????      00122     banksel ssp_buffer
0038   00??           00123     movwf   ssp_buffer
0039   0008           00124     return
                      00125 
003A                  00126 state3:
                      00127     ;movf    temp, w
003A   0008           00128     return
                      00129 
Warning[205]: Found directive in column 1. (END)
                      00130 END
MPASM 5.57  /HOME/DINUSHA/MPLABXPROJECTS/PIC   11-29-2014  11:02:34         PAGE  4


SYMBOL TABLE
  LABEL                             VALUE 

ACKDT                             00000005
ACKEN                             00000004
ACKSTAT                           00000006
ADCON0                            0000001F
ADCON1                            0000009F
ADCS0                             00000006
ADCS1                             00000007
ADCS2                             00000006
ADDEN                             00000003
ADFM                              00000007
ADIE                              00000006
ADIF                              00000006
ADON                              00000000
ADRESH                            0000001E
ADRESL                            0000009E
BCLIE                             00000003
BCLIF                             00000003
BF                                00000000
BRGH                              00000002
C                                 00000000
C1INV                             00000004
C1OUT                             00000006
C2INV                             00000005
C2OUT                             00000007
CCP1CON                           00000017
CCP1IE                            00000002
CCP1IF                            00000002
CCP1M0                            00000000
CCP1M1                            00000001
CCP1M2                            00000002
CCP1M3                            00000003
CCP1X                             00000005
CCP1Y                             00000004
CCP2CON                           0000001D
CCP2IE                            00000000
CCP2IF                            00000000
CCP2M0                            00000000
CCP2M1                            00000001
CCP2M2                            00000002
CCP2M3                            00000003
CCP2X                             00000005
CCP2Y                             00000004
CCPR1                             00000015
CCPR1H                            00000016
CCPR1L                            00000015
CCPR2                             0000001B
CCPR2H                            0000001C
CCPR2L                            0000001B
CHS0                              00000003
CHS1                              00000004
CHS2                              00000005
CIS                               00000003
CKE                               00000006
MPASM 5.57  /HOME/DINUSHA/MPLABXPROJECTS/PIC   11-29-2014  11:02:34         PAGE  5


SYMBOL TABLE
  LABEL                             VALUE 

CKP                               00000004
CM0                               00000000
CM1                               00000001
CM2                               00000002
CMCON                             0000009C
CMIE                              00000006
CMIF                              00000006
CREN                              00000004
CSRC                              00000007
CVR0                              00000000
CVR1                              00000001
CVR2                              00000002
CVR3                              00000003
CVRCON                            0000009D
CVREN                             00000007
CVROE                             00000006
CVRR                              00000005
D                                 00000005
DATA_ADDRESS                      00000005
DC                                00000001
DEVICE_ADDRESS                    0x0A
D_A                               00000005
D_NOT_A                           00000005
EEADR                             0000010D
EEADRH                            0000010F
EECON1                            0000018C
EECON2                            0000018D
EEDATA                            0000010C
EEDATH                            0000010E
EEIE                              00000004
EEIF                              00000004
EEPGD                             00000007
F                                 00000001
FERR                              00000002
FSR                               00000004
GCEN                              00000007
GIE                               00000007
GO                                00000002
GO_DONE                           00000002
GO_NOT_DONE                       00000002
I2C_DATA                          00000005
I2C_READ                          00000002
I2C_START                         00000003
I2C_STOP                          00000004
IBF                               00000007
IBOV                              00000005
INDF                              00000000
INTCON                            0000000B
INTE                              00000004
INTEDG                            00000006
INTF                              00000001
IRP                               00000007
NOT_A                             00000005
MPASM 5.57  /HOME/DINUSHA/MPLABXPROJECTS/PIC   11-29-2014  11:02:34         PAGE  6


SYMBOL TABLE
  LABEL                             VALUE 

NOT_ADDRESS                       00000005
NOT_BO                            00000000
NOT_BOR                           00000000
NOT_DONE                          00000002
NOT_PD                            00000003
NOT_POR                           00000001
NOT_RBPU                          00000007
NOT_RC8                           00000006
NOT_T1SYNC                        00000002
NOT_TO                            00000004
NOT_TX8                           00000006
NOT_W                             00000002
NOT_WRITE                         00000002
OBF                               00000006
OERR                              00000001
OPTION_REG                        00000081
P                                 00000004
PCFG0                             00000000
PCFG1                             00000001
PCFG2                             00000002
PCFG3                             00000003
PCL                               00000002
PCLATH                            0000000A
PCON                              0000008E
PEIE                              00000006
PEN                               00000002
PIE1                              0000008C
PIE2                              0000008D
PIR1                              0000000C
PIR2                              0000000D
PORTA                             00000005
PORTB                             00000006
PORTC                             00000007
PORTD                             00000008
PORTE                             00000009
PR2                               00000092
PS0                               00000000
PS1                               00000001
PS2                               00000002
PSA                               00000003
PSPIE                             00000007
PSPIF                             00000007
PSPMODE                           00000004
R                                 00000002
RA0                               00000000
RA1                               00000001
RA2                               00000002
RA3                               00000003
RA4                               00000004
RA5                               00000005
RB0                               00000000
RB1                               00000001
RB2                               00000002
MPASM 5.57  /HOME/DINUSHA/MPLABXPROJECTS/PIC   11-29-2014  11:02:34         PAGE  7


SYMBOL TABLE
  LABEL                             VALUE 

RB3                               00000003
RB4                               00000004
RB5                               00000005
RB6                               00000006
RB7                               00000007
RBIE                              00000003
RBIF                              00000000
RC0                               00000000
RC1                               00000001
RC2                               00000002
RC3                               00000003
RC4                               00000004
RC5                               00000005
RC6                               00000006
RC7                               00000007
RC8_9                             00000006
RC9                               00000006
RCD8                              00000000
RCEN                              00000003
RCIE                              00000005
RCIF                              00000005
RCREG                             0000001A
RCSTA                             00000018
RD                                00000000
RD0                               00000000
RD1                               00000001
RD2                               00000002
RD3                               00000003
RD4                               00000004
RD5                               00000005
RD6                               00000006
RD7                               00000007
RE0                               00000000
RE1                               00000001
RE2                               00000002
READ_WRITE                        00000002
RP0                               00000005
RP1                               00000006
RSEN                              00000001
RX9                               00000006
RX9D                              00000000
R_NOT_W                           00000002
R_W                               00000002
S                                 00000003
SEN                               00000000
SMP                               00000007
SPBRG                             00000099
SPEN                              00000007
SREN                              00000005
SSPADD                            00000093
SSPBUF                            00000013
SSPCON                            00000014
SSPCON2                           00000091
MPASM 5.57  /HOME/DINUSHA/MPLABXPROJECTS/PIC   11-29-2014  11:02:34         PAGE  8


SYMBOL TABLE
  LABEL                             VALUE 

SSPEN                             00000005
SSPIE                             00000003
SSPIF                             00000003
SSPM0                             00000000
SSPM1                             00000001
SSPM2                             00000002
SSPM3                             00000003
SSPOV                             00000006
SSPSTAT                           00000094
STATUS                            00000003
SYNC                              00000004
T0CS                              00000005
T0IE                              00000005
T0IF                              00000002
T0SE                              00000004
T1CKPS0                           00000004
T1CKPS1                           00000005
T1CON                             00000010
T1INSYNC                          00000002
T1OSCEN                           00000003
T1SYNC                            00000002
T2CKPS0                           00000000
T2CKPS1                           00000001
T2CON                             00000012
TMR0                              00000001
TMR0IE                            00000005
TMR0IF                            00000002
TMR1                              0000000E
TMR1CS                            00000001
TMR1H                             0000000F
TMR1IE                            00000000
TMR1IF                            00000000
TMR1L                             0000000E
TMR1ON                            00000000
TMR2                              00000011
TMR2IE                            00000001
TMR2IF                            00000001
TMR2ON                            00000002
TOUTPS0                           00000003
TOUTPS1                           00000004
TOUTPS2                           00000005
TOUTPS3                           00000006
TRISA                             00000085
TRISA0                            00000000
TRISA1                            00000001
TRISA2                            00000002
TRISA3                            00000003
TRISA4                            00000004
TRISA5                            00000005
TRISB                             00000086
TRISB0                            00000000
TRISB1                            00000001
TRISB2                            00000002
MPASM 5.57  /HOME/DINUSHA/MPLABXPROJECTS/PIC   11-29-2014  11:02:34         PAGE  9


SYMBOL TABLE
  LABEL                             VALUE 

TRISB3                            00000003
TRISB4                            00000004
TRISB5                            00000005
TRISB6                            00000006
TRISB7                            00000007
TRISC                             00000087
TRISC0                            00000000
TRISC1                            00000001
TRISC2                            00000002
TRISC3                            00000003
TRISC4                            00000004
TRISC5                            00000005
TRISC6                            00000006
TRISC7                            00000007
TRISD                             00000088
TRISD0                            00000000
TRISD1                            00000001
TRISD2                            00000002
TRISD3                            00000003
TRISD4                            00000004
TRISD5                            00000005
TRISD6                            00000006
TRISD7                            00000007
TRISE                             00000089
TRISE0                            00000000
TRISE1                            00000001
TRISE2                            00000002
TRMT                              00000001
TX8_9                             00000006
TX9                               00000006
TX9D                              00000000
TXD8                              00000000
TXEN                              00000005
TXIE                              00000004
TXIF                              00000004
TXREG                             00000019
TXSTA                             00000098
UA                                00000001
W                                 00000000
WCOL                              00000007
WR                                00000001
WREN                              00000002
WRERR                             00000003
Z                                 00000002
_BODEN_OFF                        00003FBF
_BODEN_ON                         00003FFF
_BOREN_OFF                        00003FBF
_BOREN_ON                         00003FFF
_CONFIG                           00002007
_CPD_OFF                          00003FFF
_CPD_ON                           00003EFF
_CP_ALL                           00001FFF
_CP_OFF                           00003FFF
MPASM 5.57  /HOME/DINUSHA/MPLABXPROJECTS/PIC   11-29-2014  11:02:34         PAGE 10


SYMBOL TABLE
  LABEL                             VALUE 

_CP_ON                            00001FFF
_DEBUG_OFF                        00003FFF
_DEBUG_ON                         000037FF
_DEVID1                           00002006
_FOSC_EXTRC                       00003FFF
_FOSC_HS                          00003FFE
_FOSC_LP                          00003FFC
_FOSC_XT                          00003FFD
_HS_OSC                           00003FFE
_IDLOC0                           00002000
_IDLOC1                           00002001
_IDLOC2                           00002002
_IDLOC3                           00002003
_LP_OSC                           00003FFC
_LVP_OFF                          00003F7F
_LVP_ON                           00003FFF
_PWRTE_OFF                        00003FFF
_PWRTE_ON                         00003FF7
_RC_OSC                           00003FFF
_WDTE_OFF                         00003FFB
_WDTE_ON                          00003FFF
_WDT_OFF                          00003FFB
_WDT_ON                           00003FFF
_WRT_1FOURTH                      00003BFF
_WRT_256                          00003DFF
_WRT_HALF                         000039FF
_WRT_OFF                          00003FFF
_XT_OSC                           00003FFD
__16F877A                         00000001
__DEBUG                           
i2c_handler                       0000001D
i2c_slave_init                    00000000
ssp_buffer                        00000000
state1                            00000024
state2                            0000002F
state3                            0000003A
temp                              00000008

Errors   :     0
Warnings :     6 reported,     0 suppressed
Messages :     9 reported,     0 suppressed

