MPASM 5.57  /HOME/DINUSHA/MPLABXPROJECTS/PIC   11-29-2014  11:11:47         PAGE  1


LOC  OBJECT CODE     LINE SOURCE TEXT
  VALUE

                      00001 ; Templates location /usr/local/microchip/mplabx/mpasmx/templates/Object
                      00002 ;**********************************************************************
                      00003 ;   This file is a basic code template for object module code         *
                      00004 ;   generation on the PIC16F877A. This file contains the              *
                      00005 ;   basic code building blocks to build upon.                         *
                      00006 ;                                                                     *
                      00007 ;   Refer to the MPASM User's Guide for additional information on     *
                      00008 ;   features of the assembler and linker (Document DS33014).          *
                      00009 ;                                                                     *
                      00010 ;   Refer to the respective PIC data sheet for additional             *
                      00011 ;   information on the instruction set.                               *
                      00012 ;                                                                     *
                      00013 ;**********************************************************************
                      00014 ;                                                                     *
                      00015 ;    Filename:      xxx.asm                                           *
                      00016 ;    Date:                                                            *
                      00017 ;    File Version:                                                    *
                      00018 ;                                                                     *
                      00019 ;    Author:                                                          *
                      00020 ;    Company:                                                         *
                      00021 ;                                                                     *
                      00022 ;                                                                     *
                      00023 ;**********************************************************************
                      00024 ;                                                                     *
                      00025 ;    Files required: P16F877A.INC                                     *
                      00026 ;                                                                     *
                      00027 ;                                                                     *
                      00028 ;                                                                     *
                      00029 ;**********************************************************************
                      00030 ;                                                                     *
                      00031 ;    Notes:                                                           *
                      00032 ;                                                                     *
                      00033 ;                                                                     *
                      00034 ;                                                                     *
                      00035 ;                                                                     *
                      00036 ;**********************************************************************
                      00037 
                      00038 
                      00039     list        p=16f877a   ; list directive to define processor
                      00040     #include    <p16f877a.inc>  ; processor specific variable definitions
                      00001         LIST
                      00002 
                      00003 ;==========================================================================
                      00004 ; Build date : May 28 2014
                      00005 ;  MPASM PIC16F877A processor include
                      00006 ; 
                      00007 ;  (c) Copyright 1999-2014 Microchip Technology, All rights reserved
                      00008 ;==========================================================================
                      00009 
                      00567         LIST
                      00041 
Warning[205]: Found directive in column 1. (extern)
  0000                00042 extern i2c_slave_init
MPASM 5.57  /HOME/DINUSHA/MPLABXPROJECTS/PIC   11-29-2014  11:11:47         PAGE  2


LOC  OBJECT CODE     LINE SOURCE TEXT
  VALUE

Warning[205]: Found directive in column 1. (extern)
  0000                00043 extern i2c_handler
Warning[205]: Found directive in column 1. (extern)
  0000                00044 extern ssp_buffer
                      00045 
                      00046     ;__CONFIG _CP_OFF & _WDT_OFF & _BODEN_OFF & _PWRTE_ON & _RC_OSC & _WRT_OFF & _LVP_ON & _CPD_OFF
2007   3F32           00047     __CONFIG  _FOSC_HS & _WRT_OFF & _LVP_OFF & _CPD_OFF & _CP_OFF & _WDT_OFF & _BODEN_OFF & _PWRTE_ON
                      00048 
                      00049 ; '__CONFIG' directive is used to embed configuration data within .asm file.
                      00050 ; The labels following the directive are located in the respective .inc file.
                      00051 ; See respective data sheet for additional information on configuration word.
                      00052 
                      00053 ;***** VARIABLE DEFINITIONS (examples)
                      00054 
                      00055 ; example of using Shared Uninitialized Data Section
                      00056 INT_VAR     UDATA_SHR
0000                  00057 w_temp      RES     1       ; variable used for context saving
0001                  00058 status_temp RES     1       ; variable used for context saving
0002                  00059 pclath_temp RES     1       ; variable used for context saving
                      00060 
                      00061 ; example of using Uninitialized Data Section
                      00062 TEMP_VAR    UDATA           ; explicit address specified is not required
0000                  00063 free_counter RES     1
0001                  00064 duty_ticks   RES     1
0002                  00065 servo1_val   RES     1
0003                  00066 servo2_val   RES     1
0004                  00067 main_tick    RES     1
                      00068 
                      00069 ; example of using Overlayed Uninitialized Data Section
                      00070 ; in this example both variables are assigned the same GPR location by linker
                      00071 G_DATA      UDATA_OVR       ; explicit address can be specified
0000                  00072 flag        RES 2           ; temporary variable (shared locations - G_DATA)
                      00073 
                      00074 G_DATA      UDATA_OVR
0000                  00075 count       RES 2           ; temporary variable (shared locations - G_DATA)
                      00076 
                      00077 ;**********************************************************************
                      00078 RESET_VECTOR    CODE    0x0000 ; processor reset vector
0000   0000           00079     nop                        ; nop for icd
0001   ???? ????      00080     pagesel start
0003   2???           00081     goto    start              ; go to beginning of program
                      00082 
                      00083 
                      00084 INT_VECTOR      CODE    0x0004 ; interrupt vector location
                      00085 
0004                  00086 INTERRUPT
                      00087 
0004   00??           00088     movwf   w_temp          ; save off current W register contents
0005   0803           00089     movf    STATUS,w        ; move status register into W register
0006   00??           00090     movwf   status_temp     ; save off contents of STATUS register
0007   080A           00091     movf    PCLATH,w        ; move pclath register into w register
0008   00??           00092     movwf   pclath_temp     ; save off contents of PCLATH register
                      00093 
MPASM 5.57  /HOME/DINUSHA/MPLABXPROJECTS/PIC   11-29-2014  11:11:47         PAGE  3


LOC  OBJECT CODE     LINE SOURCE TEXT
  VALUE

                      00094 ; isr code can go here or be located as a call subroutine elsewhere
                      00095     ; Checking for interrupt type
                      00096     ;banksel PIR1
                      00097     ;btfsc   PIR1, SSPIF
                      00098     ;goto    _ssp_interrupt_
                      00099     ;banksel INTCON
                      00100     ;btfss   INTCON, TMR0IF
                      00101     ;goto    _ssp_interrupt_
                      00102 
                      00103     ;movlw   0x04
                      00104     ;banksel PORTB
                      00105     ;movwf   PORTB
0009   ???? ????      00106     pagesel update_servos
000B   2???           00107     call    update_servos
000C   2???           00108     goto    _dutydone_
                      00109 
                      00110 
000D   ???? ????      00111     banksel free_counter
000F   0A??           00112     incf    free_counter, f
                      00113     ;btfss   STATUS, Z
                      00114     ;goto    _inc_done_
                      00115     ;banksel main_tick
                      00116     ;incf    main_tick, f
0010                  00117 _inc_done_
0010   08??           00118     movf    free_counter, w
                      00119 
                      00120     ;Period checking
                      00121     ;sublw   .15             ; 100us * 15 = 1.5ms
0011   ???? ????      00122     banksel  servo1_val
0013   02??           00123     subwf    servo1_val, w
                      00124 
0014   1D03           00125     btfss   STATUS, Z
0015   2???           00126     goto    _period_done_
0016   3000           00127     movlw   0x00
0017   1283 1303      00128     banksel PORTB
0019   0086           00129     movwf   PORTB
                      00130 
001A                  00131 _period_done_
                      00132     ;Duty cycle checking
001A   ???? ????      00133     banksel free_counter
001C   08??           00134     movf    free_counter, w
001D   3CFF           00135     sublw   .255             ; 100us * 255 = 25.5ms
001E   1D03           00136     btfss   STATUS, Z
001F   2???           00137     goto    _dutydone_
0020   3004           00138     movlw   0x04
0021   1283 1303      00139     banksel PORTB
0023   0086           00140     movwf   PORTB
                      00141 
0024                  00142 _dutydone_
                      00143     ;Renabling TMR0 interrupts
0024   1283 1303      00144     banksel INTCON
0026   110B           00145     bcf     INTCON, TMR0IF
0027   2???           00146     goto    _interrupt_done_
MPASM 5.57  /HOME/DINUSHA/MPLABXPROJECTS/PIC   11-29-2014  11:11:47         PAGE  4


LOC  OBJECT CODE     LINE SOURCE TEXT
  VALUE

                      00147 
0028                  00148 _ssp_interrupt_
0028   ???? ????      00149     pagesel i2c_handler
002A   2???           00150     call    i2c_handler
002B   1283 1303      00151     banksel PIR1
002D   118C           00152     bcf     PIR1, SSPIF
002E   ???? ????      00153     banksel ssp_buffer
0030   08??           00154     movf    ssp_buffer, w
0031   ???? ????      00155     banksel servo1_val
0033   00??           00156     movwf   servo1_val
                      00157 
                      00158     ;movlw   0x04
                      00159     ;banksel PORTB
                      00160     ;movwf   PORTB
                      00161 
0034                  00162 _interrupt_done_
                      00163 
0034   08??           00164     movf    pclath_temp,w   ; retrieve copy of PCLATH register
0035   008A           00165     movwf   PCLATH          ; restore pre-isr PCLATH register contents
0036   08??           00166     movf    status_temp,w   ; retrieve copy of STATUS register
0037   0083           00167     movwf   STATUS          ; restore pre-isr STATUS register contents
0038   0E??           00168     swapf   w_temp,f
0039   0E??           00169     swapf   w_temp,w        ; restore pre-isr W register contents
                      00170 
                      00171 
                      00172 
003A   0009           00173     retfie                  ; return from interrupt
                      00174 
                      00175 MAIN_PROG       CODE
                      00176 
                      00177 
0000                  00178 start
0000   ???? ????      00179     banksel free_counter
0002   01??           00180     clrf    free_counter
                      00181 
0003   ???? ????      00182     banksel main_tick
0005   01??           00183     clrf    main_tick
                      00184 
0006   300F           00185     movlw   .15
0007   ???? ????      00186     banksel servo1_val
0009   00??           00187     movwf   servo1_val
                      00188 
000A   3014           00189     movlw   .20
000B   ???? ????      00190     banksel servo2_val
000D   00??           00191     movwf   servo2_val
                      00192 
000E   2???           00193     call    init
                      00194 
000F   ???? ????      00195     pagesel i2c_slave_init
0011   2???           00196     call    i2c_slave_init
                      00197 
                      00198 
                      00199 
MPASM 5.57  /HOME/DINUSHA/MPLABXPROJECTS/PIC   11-29-2014  11:11:47         PAGE  5


LOC  OBJECT CODE     LINE SOURCE TEXT
  VALUE

                      00200 
0012                  00201 loop
                      00202     ;movf    main_tick, w
                      00203     ;sublw   .100
                      00204     ;banksel servo1_val
                      00205     ;btfsc   STATUS, Z
                      00206     ;goto    _max_val_
                      00207     ;goto    _min_val_
                      00208     ;rlf     servo1_val, f
                      00209     ;banksel ssp_buffer
                      00210     ;movf    ssp_buffer, w
                      00211     ;banksel servo1_val
                      00212     ;movwf   servo1_val
                      00213     ;banksel PIR1
                      00214     ;btfsc   PIR1, SSPIF
                      00215     ;call    i2c_flag
                      00216     ;nop
0012   ???? ????      00217     pagesel update_servos
0014   2???           00218     call    update_servos
                      00219 
0015   2???           00220     goto    loop
                      00221     ;goto $
                      00222 
0016                  00223 init
                      00224     ;Shutting down ADC
                      00225     ;Switching to Bank0
0016   1283           00226     bcf STATUS, RP0
0017   1303           00227     bcf STATUS, RP1
                      00228 
0018   0186           00229     clrf    PORTB
                      00230 
0019   3000           00231     movlw   0x00
001A   009F           00232     movwf   ADCON0
                      00233 
                      00234     ;movlw   0x00
                      00235     ;movwf   PORTB
                      00236 
                      00237     ;Switching to Bank 1
001B   1683           00238     bsf     STATUS, RP0
                      00239 
001C   3006           00240     movlw   0x06
Message[302]: Register in operand not in bank 0.  Ensure that bank bits are correct.
001D   009F           00241     movwf   ADCON1
                      00242 
                      00243     ;Setting TRISB
001E   3000           00244     movlw   0x00
Message[302]: Register in operand not in bank 0.  Ensure that bank bits are correct.
001F   0086           00245     movwf   TRISB
                      00246 
                      00247     ;Enabling TMR0 interrupts
0020   3000           00248     movlw   0x00
Message[302]: Register in operand not in bank 0.  Ensure that bank bits are correct.
0021   0081           00249     movwf   OPTION_REG          ;1:2 => (200ns*2) * 256 = 100us
MPASM 5.57  /HOME/DINUSHA/MPLABXPROJECTS/PIC   11-29-2014  11:11:47         PAGE  6


LOC  OBJECT CODE     LINE SOURCE TEXT
  VALUE

                      00250 
0022   30A0           00251     movlw   0xA0
0023   008B           00252     movwf   INTCON
                      00253 
                      00254     ;Switching to Bank 0
0024   1283           00255     bcf STATUS, RP0
                      00256 
0025   0181           00257     clrf    TMR0
                      00258 
                      00259 
                      00260 
0026   0008           00261     return
                      00262 
0027                  00263 i2c_flag
0027   ???? ????      00264     pagesel i2c_handler
0029   2???           00265     call    i2c_handler
002A   1283 1303      00266     banksel PIR1
002C   118C           00267     bcf     PIR1, SSPIF
002D   ???? ????      00268     banksel ssp_buffer
002F   08??           00269     movf    ssp_buffer, w
0030   ???? ????      00270     banksel servo1_val
0032   00??           00271     movwf   servo1_val
                      00272 
0033   0008           00273     return
                      00274 ;----------------------------------------------------------
0034                  00275 update_servos
0034   ???? ????      00276     banksel free_counter
0036   0A??           00277     incf    free_counter, f
0037   08??           00278     movf    free_counter, w
                      00279 
                      00280 ;Duty cycle checking
                      00281     ;banksel free_counter
                      00282     ;movf    free_counter, w
0038   3CFF           00283     sublw   .255             ; 100us * 255 = 25.5ms
0039   1D03           00284     btfss   STATUS, Z
003A   2???           00285     goto    _duty_done_
003B   3006           00286     movlw   0x06
003C   1283 1303      00287     banksel PORTB
003E   0086           00288     movwf   PORTB
                      00289 
003F                  00290 _duty_done_:
                      00291     ;Period checking servo 1
003F   ???? ????      00292     banksel  free_counter
0041   08??           00293     movf     free_counter, w
0042   ???? ????      00294     banksel  servo1_val
0044   06??           00295     xorwf    servo1_val, w
0045   1D03           00296     btfss    STATUS, Z
0046   2???           00297     goto     _servo1_done_
0047   3000           00298     movlw    0x00
0048   1283 1303      00299     banksel  PORTB
004A   0086           00300     movwf    PORTB
                      00301 
004B                  00302 _servo1_done_:
MPASM 5.57  /HOME/DINUSHA/MPLABXPROJECTS/PIC   11-29-2014  11:11:47         PAGE  7


LOC  OBJECT CODE     LINE SOURCE TEXT
  VALUE

                      00303     ;banksel  free_counter
                      00304     ;movf     free_counter, w
                      00305     ;banksel  servo2_val
                      00306     ;subwf    servo2_val, w
                      00307     ;btfss    STATUS, Z
                      00308     ;goto     _servo2_done_
                      00309     ;movlw    0x00
                      00310     ;banksel  PORTB
                      00311     ;movwf    PORTB
                      00312 
                      00313 ;_servo2_done_:
                      00314     
                      00315 ;_duty_done_:
004B   0008           00316     return
                      00317 
                      00318     ;movlw   0x20
                      00319     ;movwf   FSR
                      00320 ;next:
                      00321     ;clrf    INDF
                      00322     ;incf    FSR, f
                      00323     ;btfss   FSR, 4
                      00324     ;goto    next
                      00325 
                      00326 
                      00327     ;return
                      00328 ;----------------------------------------------------------
3F32                  00329     END                       ; directive 'end of program'
MPASM 5.57  /HOME/DINUSHA/MPLABXPROJECTS/PIC   11-29-2014  11:11:47         PAGE  8


SYMBOL TABLE
  LABEL                             VALUE 

ACKDT                             00000005
ACKEN                             00000004
ACKSTAT                           00000006
ADCON0                            0000001F
ADCON1                            0000009F
ADCS0                             00000006
ADCS1                             00000007
ADCS2                             00000006
ADDEN                             00000003
ADFM                              00000007
ADIE                              00000006
ADIF                              00000006
ADON                              00000000
ADRESH                            0000001E
ADRESL                            0000009E
BCLIE                             00000003
BCLIF                             00000003
BF                                00000000
BRGH                              00000002
C                                 00000000
C1INV                             00000004
C1OUT                             00000006
C2INV                             00000005
C2OUT                             00000007
CCP1CON                           00000017
CCP1IE                            00000002
CCP1IF                            00000002
CCP1M0                            00000000
CCP1M1                            00000001
CCP1M2                            00000002
CCP1M3                            00000003
CCP1X                             00000005
CCP1Y                             00000004
CCP2CON                           0000001D
CCP2IE                            00000000
CCP2IF                            00000000
CCP2M0                            00000000
CCP2M1                            00000001
CCP2M2                            00000002
CCP2M3                            00000003
CCP2X                             00000005
CCP2Y                             00000004
CCPR1                             00000015
CCPR1H                            00000016
CCPR1L                            00000015
CCPR2                             0000001B
CCPR2H                            0000001C
CCPR2L                            0000001B
CHS0                              00000003
CHS1                              00000004
CHS2                              00000005
CIS                               00000003
CKE                               00000006
MPASM 5.57  /HOME/DINUSHA/MPLABXPROJECTS/PIC   11-29-2014  11:11:47         PAGE  9


SYMBOL TABLE
  LABEL                             VALUE 

CKP                               00000004
CM0                               00000000
CM1                               00000001
CM2                               00000002
CMCON                             0000009C
CMIE                              00000006
CMIF                              00000006
CREN                              00000004
CSRC                              00000007
CVR0                              00000000
CVR1                              00000001
CVR2                              00000002
CVR3                              00000003
CVRCON                            0000009D
CVREN                             00000007
CVROE                             00000006
CVRR                              00000005
D                                 00000005
DATA_ADDRESS                      00000005
DC                                00000001
D_A                               00000005
D_NOT_A                           00000005
EEADR                             0000010D
EEADRH                            0000010F
EECON1                            0000018C
EECON2                            0000018D
EEDATA                            0000010C
EEDATH                            0000010E
EEIE                              00000004
EEIF                              00000004
EEPGD                             00000007
F                                 00000001
FERR                              00000002
FSR                               00000004
GCEN                              00000007
GIE                               00000007
GO                                00000002
GO_DONE                           00000002
GO_NOT_DONE                       00000002
I2C_DATA                          00000005
I2C_READ                          00000002
I2C_START                         00000003
I2C_STOP                          00000004
IBF                               00000007
IBOV                              00000005
INDF                              00000000
INTCON                            0000000B
INTE                              00000004
INTEDG                            00000006
INTERRUPT                         00000004
INTF                              00000001
IRP                               00000007
NOT_A                             00000005
MPASM 5.57  /HOME/DINUSHA/MPLABXPROJECTS/PIC   11-29-2014  11:11:47         PAGE 10


SYMBOL TABLE
  LABEL                             VALUE 

NOT_ADDRESS                       00000005
NOT_BO                            00000000
NOT_BOR                           00000000
NOT_DONE                          00000002
NOT_PD                            00000003
NOT_POR                           00000001
NOT_RBPU                          00000007
NOT_RC8                           00000006
NOT_T1SYNC                        00000002
NOT_TO                            00000004
NOT_TX8                           00000006
NOT_W                             00000002
NOT_WRITE                         00000002
OBF                               00000006
OERR                              00000001
OPTION_REG                        00000081
P                                 00000004
PCFG0                             00000000
PCFG1                             00000001
PCFG2                             00000002
PCFG3                             00000003
PCL                               00000002
PCLATH                            0000000A
PCON                              0000008E
PEIE                              00000006
PEN                               00000002
PIE1                              0000008C
PIE2                              0000008D
PIR1                              0000000C
PIR2                              0000000D
PORTA                             00000005
PORTB                             00000006
PORTC                             00000007
PORTD                             00000008
PORTE                             00000009
PR2                               00000092
PS0                               00000000
PS1                               00000001
PS2                               00000002
PSA                               00000003
PSPIE                             00000007
PSPIF                             00000007
PSPMODE                           00000004
R                                 00000002
RA0                               00000000
RA1                               00000001
RA2                               00000002
RA3                               00000003
RA4                               00000004
RA5                               00000005
RB0                               00000000
RB1                               00000001
RB2                               00000002
MPASM 5.57  /HOME/DINUSHA/MPLABXPROJECTS/PIC   11-29-2014  11:11:47         PAGE 11


SYMBOL TABLE
  LABEL                             VALUE 

RB3                               00000003
RB4                               00000004
RB5                               00000005
RB6                               00000006
RB7                               00000007
RBIE                              00000003
RBIF                              00000000
RC0                               00000000
RC1                               00000001
RC2                               00000002
RC3                               00000003
RC4                               00000004
RC5                               00000005
RC6                               00000006
RC7                               00000007
RC8_9                             00000006
RC9                               00000006
RCD8                              00000000
RCEN                              00000003
RCIE                              00000005
RCIF                              00000005
RCREG                             0000001A
RCSTA                             00000018
RD                                00000000
RD0                               00000000
RD1                               00000001
RD2                               00000002
RD3                               00000003
RD4                               00000004
RD5                               00000005
RD6                               00000006
RD7                               00000007
RE0                               00000000
RE1                               00000001
RE2                               00000002
READ_WRITE                        00000002
RP0                               00000005
RP1                               00000006
RSEN                              00000001
RX9                               00000006
RX9D                              00000000
R_NOT_W                           00000002
R_W                               00000002
S                                 00000003
SEN                               00000000
SMP                               00000007
SPBRG                             00000099
SPEN                              00000007
SREN                              00000005
SSPADD                            00000093
SSPBUF                            00000013
SSPCON                            00000014
SSPCON2                           00000091
MPASM 5.57  /HOME/DINUSHA/MPLABXPROJECTS/PIC   11-29-2014  11:11:47         PAGE 12


SYMBOL TABLE
  LABEL                             VALUE 

SSPEN                             00000005
SSPIE                             00000003
SSPIF                             00000003
SSPM0                             00000000
SSPM1                             00000001
SSPM2                             00000002
SSPM3                             00000003
SSPOV                             00000006
SSPSTAT                           00000094
STATUS                            00000003
SYNC                              00000004
T0CS                              00000005
T0IE                              00000005
T0IF                              00000002
T0SE                              00000004
T1CKPS0                           00000004
T1CKPS1                           00000005
T1CON                             00000010
T1INSYNC                          00000002
T1OSCEN                           00000003
T1SYNC                            00000002
T2CKPS0                           00000000
T2CKPS1                           00000001
T2CON                             00000012
TMR0                              00000001
TMR0IE                            00000005
TMR0IF                            00000002
TMR1                              0000000E
TMR1CS                            00000001
TMR1H                             0000000F
TMR1IE                            00000000
TMR1IF                            00000000
TMR1L                             0000000E
TMR1ON                            00000000
TMR2                              00000011
TMR2IE                            00000001
TMR2IF                            00000001
TMR2ON                            00000002
TOUTPS0                           00000003
TOUTPS1                           00000004
TOUTPS2                           00000005
TOUTPS3                           00000006
TRISA                             00000085
TRISA0                            00000000
TRISA1                            00000001
TRISA2                            00000002
TRISA3                            00000003
TRISA4                            00000004
TRISA5                            00000005
TRISB                             00000086
TRISB0                            00000000
TRISB1                            00000001
TRISB2                            00000002
MPASM 5.57  /HOME/DINUSHA/MPLABXPROJECTS/PIC   11-29-2014  11:11:47         PAGE 13


SYMBOL TABLE
  LABEL                             VALUE 

TRISB3                            00000003
TRISB4                            00000004
TRISB5                            00000005
TRISB6                            00000006
TRISB7                            00000007
TRISC                             00000087
TRISC0                            00000000
TRISC1                            00000001
TRISC2                            00000002
TRISC3                            00000003
TRISC4                            00000004
TRISC5                            00000005
TRISC6                            00000006
TRISC7                            00000007
TRISD                             00000088
TRISD0                            00000000
TRISD1                            00000001
TRISD2                            00000002
TRISD3                            00000003
TRISD4                            00000004
TRISD5                            00000005
TRISD6                            00000006
TRISD7                            00000007
TRISE                             00000089
TRISE0                            00000000
TRISE1                            00000001
TRISE2                            00000002
TRMT                              00000001
TX8_9                             00000006
TX9                               00000006
TX9D                              00000000
TXD8                              00000000
TXEN                              00000005
TXIE                              00000004
TXIF                              00000004
TXREG                             00000019
TXSTA                             00000098
UA                                00000001
W                                 00000000
WCOL                              00000007
WR                                00000001
WREN                              00000002
WRERR                             00000003
Z                                 00000002
_BODEN_OFF                        00003FBF
_BODEN_ON                         00003FFF
_BOREN_OFF                        00003FBF
_BOREN_ON                         00003FFF
_CONFIG                           00002007
_CPD_OFF                          00003FFF
_CPD_ON                           00003EFF
_CP_ALL                           00001FFF
_CP_OFF                           00003FFF
MPASM 5.57  /HOME/DINUSHA/MPLABXPROJECTS/PIC   11-29-2014  11:11:47         PAGE 14


SYMBOL TABLE
  LABEL                             VALUE 

_CP_ON                            00001FFF
_DEBUG_OFF                        00003FFF
_DEBUG_ON                         000037FF
_DEVID1                           00002006
_FOSC_EXTRC                       00003FFF
_FOSC_HS                          00003FFE
_FOSC_LP                          00003FFC
_FOSC_XT                          00003FFD
_HS_OSC                           00003FFE
_IDLOC0                           00002000
_IDLOC1                           00002001
_IDLOC2                           00002002
_IDLOC3                           00002003
_LP_OSC                           00003FFC
_LVP_OFF                          00003F7F
_LVP_ON                           00003FFF
_PWRTE_OFF                        00003FFF
_PWRTE_ON                         00003FF7
_RC_OSC                           00003FFF
_WDTE_OFF                         00003FFB
_WDTE_ON                          00003FFF
_WDT_OFF                          00003FFB
_WDT_ON                           00003FFF
_WRT_1FOURTH                      00003BFF
_WRT_256                          00003DFF
_WRT_HALF                         000039FF
_WRT_OFF                          00003FFF
_XT_OSC                           00003FFD
__16F877A                         00000001
__DEBUG                           
_duty_done_                       0000003F
_dutydone_                        00000024
_inc_done_                        00000010
_interrupt_done_                  00000034
_period_done_                     0000001A
_servo1_done_                     0000004B
_ssp_interrupt_                   00000028
count                             00000000
duty_ticks                        00000001
flag                              00000000
free_counter                      00000000
i2c_flag                          00000027
i2c_handler                       00000000
i2c_slave_init                    00000000
init                              00000016
loop                              00000012
main_tick                         00000004
pclath_temp                       00000002
servo1_val                        00000002
servo2_val                        00000003
ssp_buffer                        00000000
start                             00000000
status_temp                       00000001
MPASM 5.57  /HOME/DINUSHA/MPLABXPROJECTS/PIC   11-29-2014  11:11:47         PAGE 15


SYMBOL TABLE
  LABEL                             VALUE 

update_servos                     00000034
w_temp                            00000000

Errors   :     0
Warnings :     3 reported,     0 suppressed
Messages :     3 reported,     0 suppressed

